Using pre-set license
Built from '2022.3/release' branch; Version is '2022.3.20f1 (61c2feb0970d) revision 6406910'; Using compiler version '192829333'; Build Type 'Release'
OS: 'Windows 11  (10.0.26100) 64bit Core' Language: 'es' Physical Memory: 16004 MB
BatchMode: 1, IsHumanControllingUs: 0, StartBugReporterOnCrash: 0, Is64bit: 1, IsPro: 1

COMMAND LINE ARGUMENTS:
C:\Program Files\Unity\Hub\Editor\2022.3.20f1\Editor\Unity.exe
-adb2
-batchMode
-noUpm
-name
AssetImportWorker2
-projectPath
C:/FALLEN
-logFile
Logs/AssetImportWorker2.log
-srvPort
51073
Successfully changed project path to: C:/FALLEN
C:/FALLEN
[UnityMemory] Configuration Parameters - Can be set up in boot.config
    "memorysetup-bucket-allocator-granularity=16"
    "memorysetup-bucket-allocator-bucket-count=8"
    "memorysetup-bucket-allocator-block-size=33554432"
    "memorysetup-bucket-allocator-block-count=8"
    "memorysetup-main-allocator-block-size=16777216"
    "memorysetup-thread-allocator-block-size=16777216"
    "memorysetup-gfx-main-allocator-block-size=16777216"
    "memorysetup-gfx-thread-allocator-block-size=16777216"
    "memorysetup-cache-allocator-block-size=4194304"
    "memorysetup-typetree-allocator-block-size=2097152"
    "memorysetup-profiler-bucket-allocator-granularity=16"
    "memorysetup-profiler-bucket-allocator-bucket-count=8"
    "memorysetup-profiler-bucket-allocator-block-size=33554432"
    "memorysetup-profiler-bucket-allocator-block-count=8"
    "memorysetup-profiler-allocator-block-size=16777216"
    "memorysetup-profiler-editor-allocator-block-size=1048576"
    "memorysetup-temp-allocator-size-main=16777216"
    "memorysetup-job-temp-allocator-block-size=2097152"
    "memorysetup-job-temp-allocator-block-size-background=1048576"
    "memorysetup-job-temp-allocator-reduction-small-platforms=262144"
    "memorysetup-allocator-temp-initial-block-size-main=262144"
    "memorysetup-allocator-temp-initial-block-size-worker=262144"
    "memorysetup-temp-allocator-size-background-worker=32768"
    "memorysetup-temp-allocator-size-job-worker=262144"
    "memorysetup-temp-allocator-size-preload-manager=33554432"
    "memorysetup-temp-allocator-size-nav-mesh-worker=65536"
    "memorysetup-temp-allocator-size-audio-worker=65536"
    "memorysetup-temp-allocator-size-cloud-worker=32768"
    "memorysetup-temp-allocator-size-gi-baking-worker=262144"
    "memorysetup-temp-allocator-size-gfx=262144"
Player connection [17800] Host "[IP] 192.168.1.200 [Port] 0 [Flags] 2 [Guid] 4097988537 [EditorId] 4097988537 [Version] 1048832 [Id] WindowsEditor(7,USER-AZEL) [Debug] 1 [PackageName] WindowsEditor [ProjectName] Editor" joined multi-casting on [225.0.0.222:54997]...

Player connection [17800] Host "[IP] 192.168.1.200 [Port] 0 [Flags] 2 [Guid] 4097988537 [EditorId] 4097988537 [Version] 1048832 [Id] WindowsEditor(7,USER-AZEL) [Debug] 1 [PackageName] WindowsEditor [ProjectName] Editor" joined alternative multi-casting on [225.0.0.222:34997]...

[Physics::Module] Initialized MultithreadedJobDispatcher with 15 workers.
Refreshing native plugins compatible for Editor in 4209.55 ms, found 3 plugins.
Preloading 0 native plugins for Editor in 0.00 ms.
Initialize engine version: 2022.3.20f1 (61c2feb0970d)
[Subsystems] Discovering subsystems at path C:/Program Files/Unity/Hub/Editor/2022.3.20f1/Editor/Data/Resources/UnitySubsystems
[Subsystems] Discovering subsystems at path C:/FALLEN/Assets
GfxDevice: creating device client; threaded=0; jobified=0
Direct3D:
    Version:  Direct3D 11.0 [level 11.1]
    Renderer: NVIDIA GeForce RTX 3060 Laptop GPU (ID=0x2520)
    Vendor:   NVIDIA
    VRAM:     5996 MB
    Driver:   32.0.15.6607
Initialize mono
Mono path[0] = 'C:/Program Files/Unity/Hub/Editor/2022.3.20f1/Editor/Data/Managed'
Mono path[1] = 'C:/Program Files/Unity/Hub/Editor/2022.3.20f1/Editor/Data/MonoBleedingEdge/lib/mono/unityjit-win32'
Mono config path = 'C:/Program Files/Unity/Hub/Editor/2022.3.20f1/Editor/Data/MonoBleedingEdge/etc'
Using monoOptions --debugger-agent=transport=dt_socket,embedding=1,server=y,suspend=n,address=127.0.0.1:56368
Begin MonoManager ReloadAssembly
Registering precompiled unity dll's ...
Register platform support module: C:/Program Files/Unity/Hub/Editor/2022.3.20f1/Editor/Data/PlaybackEngines/WindowsStandaloneSupport/UnityEditor.WindowsStandalone.Extensions.dll
Registered in 0.250957 seconds.
- Loaded All Assemblies, in 12.512 seconds
Native extension for WindowsStandalone target not found
Mono: successfully reloaded assembly
- Finished resetting the current domain, in  0.225 seconds
Domain Reload Profiling: 12732ms
	BeginReloadAssembly (10369ms)
		ExecutionOrderSort (0ms)
		DisableScriptedObjects (0ms)
		BackupInstance (0ms)
		ReleaseScriptingObjects (0ms)
		CreateAndSetChildDomain (1ms)
	RebuildCommonClasses (846ms)
	RebuildNativeTypeToScriptingClass (7ms)
	initialDomainReloadingComplete (337ms)
	LoadAllAssembliesAndSetupDomain (947ms)
		LoadAssemblies (10368ms)
		RebuildTransferFunctionScriptingTraits (0ms)
		AnalyzeDomain (945ms)
			TypeCache.Refresh (943ms)
				TypeCache.ScanAssembly (932ms)
			ScanForSourceGeneratedMonoScriptInfo (0ms)
			ResolveRequiredComponents (0ms)
	FinalizeReload (225ms)
		ReleaseScriptCaches (0ms)
		RebuildScriptCaches (0ms)
		SetupLoadedEditorAssemblies (182ms)
			LogAssemblyErrors (0ms)
			InitializePlatformSupportModulesInManaged (8ms)
			SetLoadedEditorAssemblies (6ms)
			RefreshPlugins (0ms)
			BeforeProcessingInitializeOnLoad (1ms)
			ProcessInitializeOnLoadAttributes (119ms)
			ProcessInitializeOnLoadMethodAttributes (48ms)
			AfterProcessingInitializeOnLoad (0ms)
			EditorAssembliesLoaded (0ms)
		ExecutionOrderSort2 (0ms)
		AwakeInstancesAfterBackupRestoration (0ms)
========================================================================
Worker process is ready to serve import requests
Begin MonoManager ReloadAssembly
- Loaded All Assemblies, in 16.831 seconds
Refreshing native plugins compatible for Editor in 2.76 ms, found 3 plugins.
Native extension for WindowsStandalone target not found
Mono: successfully reloaded assembly
- Finished resetting the current domain, in  0.579 seconds
Domain Reload Profiling: 17393ms
	BeginReloadAssembly (246ms)
		ExecutionOrderSort (0ms)
		DisableScriptedObjects (10ms)
		BackupInstance (0ms)
		ReleaseScriptingObjects (0ms)
		CreateAndSetChildDomain (37ms)
	RebuildCommonClasses (67ms)
	RebuildNativeTypeToScriptingClass (18ms)
	initialDomainReloadingComplete (87ms)
	LoadAllAssembliesAndSetupDomain (16396ms)
		LoadAssemblies (15679ms)
		RebuildTransferFunctionScriptingTraits (0ms)
		AnalyzeDomain (855ms)
			TypeCache.Refresh (827ms)
				TypeCache.ScanAssembly (702ms)
			ScanForSourceGeneratedMonoScriptInfo (17ms)
			ResolveRequiredComponents (9ms)
	FinalizeReload (579ms)
		ReleaseScriptCaches (0ms)
		RebuildScriptCaches (0ms)
		SetupLoadedEditorAssemblies (461ms)
			LogAssemblyErrors (0ms)
			InitializePlatformSupportModulesInManaged (5ms)
			SetLoadedEditorAssemblies (4ms)
			RefreshPlugins (0ms)
			BeforeProcessingInitializeOnLoad (61ms)
			ProcessInitializeOnLoadAttributes (340ms)
			ProcessInitializeOnLoadMethodAttributes (46ms)
			AfterProcessingInitializeOnLoad (6ms)
			EditorAssembliesLoaded (0ms)
		ExecutionOrderSort2 (0ms)
		AwakeInstancesAfterBackupRestoration (4ms)
Launched and connected shader compiler UnityShaderCompiler.exe after 0.04 seconds
Refreshing native plugins compatible for Editor in 3.77 ms, found 3 plugins.
Preloading 0 native plugins for Editor in 0.00 ms.
Unloading 5715 Unused Serialized files (Serialized files now loaded: 0)
Unloading 90 unused Assets / (0.8 MB). Loaded Objects now: 6191.
Memory consumption went from 242.2 MB to 241.4 MB.
Total: 4.144700 ms (FindLiveObjects: 0.292400 ms CreateObjectMapping: 0.201200 ms MarkObjects: 3.347200 ms  DeleteObjects: 0.302900 ms)

AssetImportParameters requested are different than current active one (requested -> active):
  custom:container-demuxer-ogg: 62fdf1f143b41e24485cea50d1cbac27 -> 
  custom:video-codec-MediaFoundation-h265: 746d11721c4dcdbdad8f713fa42b33f4 -> 
  custom:video-decoder-ogg-theora: a1e56fd34408186e4bbccfd4996cb3dc -> 
  custom:framework-win-MediaFoundation: 216162199b28c13a410421893ffa2e32 -> 
  custom:CustomObjectIndexerAttribute: 62b5816608c3102f162a1797e29626cf -> 
  custom:container-demuxer-webm: 4f35f7cbe854078d1ac9338744f61a02 -> 
  custom:container-muxer-webm: aa71ff27fc2769a1b78a27578f13a17b -> 
  custom:video-decoder-webm-vp8: 9c59270c3fd7afecdb556c50c9e8de78 -> 
  custom:SearchIndexIgnoredProperties: e643bd26f0fe6173181afceb89e7c659 -> 
  custom:AudioImporter_EditorPlatform: d09bf68614088b80899f8185d706f6e7 -> 
  custom:video-encoder-webm-vp8: eb34c28f22e8b96e1ab97ce403110664 -> 
  custom:audio-decoder-ogg-vorbis: bf7c407c2cedff20999df2af8eb42d56 -> 
  custom:audio-encoder-webm-vorbis: bf7c407c2cedff20999df2af8eb42d56 -> 
========================================================================
Received Import Request.
  Time since last request: 141732.009596 seconds.
  path: Assets/Materials/ARBOLES_CAIDOS
  artifactKey: Guid(3e0256cc0763fb041b025b5e5ebd510a) Importer(815301076,1909f56bfc062723c751e8b465ee728b)
Start importing Assets/Materials/ARBOLES_CAIDOS using Guid(3e0256cc0763fb041b025b5e5ebd510a) Importer(815301076,1909f56bfc062723c751e8b465ee728b)  -> (artifact id: '5c77940518a0d4b1b8e731177a72ab5f') in 0.002734 seconds
Number of updated asset objects reloaded before import = 0
Number of asset objects unloaded after import = 0
========================================================================
Received Import Request.
  Time since last request: 119.925342 seconds.
  path: Assets/Materials/ARBOLES_CAIDOS/ARBOL_CAIDO_COLOR.png
  artifactKey: Guid(f6be1ce55ebe06c4b978d88f13b27452) Importer(815301076,1909f56bfc062723c751e8b465ee728b)
Start importing Assets/Materials/ARBOLES_CAIDOS/ARBOL_CAIDO_COLOR.png using Guid(f6be1ce55ebe06c4b978d88f13b27452) Importer(815301076,1909f56bfc062723c751e8b465ee728b)  -> (artifact id: '0e007c5f794bb2735cd8a2a30d7ee25e') in 0.105107 seconds
Number of updated asset objects reloaded before import = 0
Number of asset objects unloaded after import = 2
========================================================================
Received Import Request.
  Time since last request: 0.002027 seconds.
  path: Assets/Materials/ARBOLES_CAIDOS/ARBOL_CAIDO_ROUGHNESS.png
  artifactKey: Guid(7fe8d4d4903631a4598ef80dcea3e2b1) Importer(815301076,1909f56bfc062723c751e8b465ee728b)
Start importing Assets/Materials/ARBOLES_CAIDOS/ARBOL_CAIDO_ROUGHNESS.png using Guid(7fe8d4d4903631a4598ef80dcea3e2b1) Importer(815301076,1909f56bfc062723c751e8b465ee728b)  -> (artifact id: '1c5b2ebcfc9d27c2a97e5e8fa63d7d57') in 0.036910 seconds
Number of updated asset objects reloaded before import = 0
Number of asset objects unloaded after import = 2
========================================================================
Received Import Request.
  Time since last request: 213.580377 seconds.
  path: Assets/Materials/ARBOLES_CAIDOS/ARBOL_CAIDO.mat
  artifactKey: Guid(9cf63cc4bac45a54abb6798d77730fe3) Importer(815301076,1909f56bfc062723c751e8b465ee728b)
Start importing Assets/Materials/ARBOLES_CAIDOS/ARBOL_CAIDO.mat using Guid(9cf63cc4bac45a54abb6798d77730fe3) Importer(815301076,1909f56bfc062723c751e8b465ee728b)  -> (artifact id: '2730b9ac6eb77fb8060236b20a157369') in 0.076491 seconds
Number of updated asset objects reloaded before import = 0
Number of asset objects unloaded after import = 1
========================================================================
Received Import Request.
  Time since last request: 441.616760 seconds.
  path: Assets/Prefabs
  artifactKey: Guid(6fdaec4134d19b94bb8da565f1abafa4) Importer(815301076,1909f56bfc062723c751e8b465ee728b)
Start importing Assets/Prefabs using Guid(6fdaec4134d19b94bb8da565f1abafa4) Importer(815301076,1909f56bfc062723c751e8b465ee728b)  -> (artifact id: 'd214a29a649b040d40b484e597186b5d') in 0.000897 seconds
Number of updated asset objects reloaded before import = 0
Number of asset objects unloaded after import = 0
========================================================================
Received Import Request.
  Time since last request: 14.903093 seconds.
  path: Assets/Prefabs/ARBOL_CAIDO_6.prefab
  artifactKey: Guid(14b7afe552d445f468ef6e37e5d919c0) Importer(815301076,1909f56bfc062723c751e8b465ee728b)
Start importing Assets/Prefabs/ARBOL_CAIDO_6.prefab using Guid(14b7afe552d445f468ef6e37e5d919c0) Importer(815301076,1909f56bfc062723c751e8b465ee728b)  -> (artifact id: 'afe59ba0395ccfa7b3ef8de77df4c8fc') in 0.038991 seconds
Number of updated asset objects reloaded before import = 0
Number of asset objects unloaded after import = 30
========================================================================
Received Import Request.
  Time since last request: 14.069143 seconds.
  path: Assets/Prefabs/ARBOL_CAIDO_3.prefab
  artifactKey: Guid(9752077f9063e404388a1f6f230033a3) Importer(815301076,1909f56bfc062723c751e8b465ee728b)
Start importing Assets/Prefabs/ARBOL_CAIDO_3.prefab using Guid(9752077f9063e404388a1f6f230033a3) Importer(815301076,1909f56bfc062723c751e8b465ee728b)  -> (artifact id: 'fd40381531cd14c1cf00c12b6b601e5b') in 0.027689 seconds
Number of updated asset objects reloaded before import = 0
Number of asset objects unloaded after import = 29
========================================================================
Received Import Request.
  Time since last request: 4.790040 seconds.
  path: Assets/Prefabs/ARBOL_CAIDO_1.prefab
  artifactKey: Guid(8f4f840679ae8f54483053fb5fba43d8) Importer(815301076,1909f56bfc062723c751e8b465ee728b)
Start importing Assets/Prefabs/ARBOL_CAIDO_1.prefab using Guid(8f4f840679ae8f54483053fb5fba43d8) Importer(815301076,1909f56bfc062723c751e8b465ee728b)  -> (artifact id: '73fd4891080ffd5186ba46ca71153f8e') in 0.020267 seconds
Number of updated asset objects reloaded before import = 0
Number of asset objects unloaded after import = 29
========================================================================
Received Import Request.
  Time since last request: 5.382149 seconds.
  path: Assets/Prefabs/ARBOL_CAIDO_2.prefab
  artifactKey: Guid(0ce5498ebd5a06c4ca40ddd404e127d6) Importer(815301076,1909f56bfc062723c751e8b465ee728b)
Start importing Assets/Prefabs/ARBOL_CAIDO_2.prefab using Guid(0ce5498ebd5a06c4ca40ddd404e127d6) Importer(815301076,1909f56bfc062723c751e8b465ee728b)  -> (artifact id: 'c99230af29ca24dc15db37571356954c') in 0.017147 seconds
Number of updated asset objects reloaded before import = 0
Number of asset objects unloaded after import = 29
========================================================================
Received Import Request.
  Time since last request: 6.736832 seconds.
  path: Assets/Prefabs/ARBOL_CAIDO_4.prefab
  artifactKey: Guid(06ca7ec07bda4a64683dd61a36fd1413) Importer(815301076,1909f56bfc062723c751e8b465ee728b)
Start importing Assets/Prefabs/ARBOL_CAIDO_4.prefab using Guid(06ca7ec07bda4a64683dd61a36fd1413) Importer(815301076,1909f56bfc062723c751e8b465ee728b)  -> (artifact id: '81e1396b66faa8b0c325d203e4ad6abf') in 0.020069 seconds
Number of updated asset objects reloaded before import = 0
Number of asset objects unloaded after import = 29
========================================================================
Received Import Request.
  Time since last request: 2.172231 seconds.
  path: Assets/Prefabs/ARBOL_CAIDO_5.prefab
  artifactKey: Guid(74e38b18c842ba6439f79fc27fbd0bf6) Importer(815301076,1909f56bfc062723c751e8b465ee728b)
Start importing Assets/Prefabs/ARBOL_CAIDO_5.prefab using Guid(74e38b18c842ba6439f79fc27fbd0bf6) Importer(815301076,1909f56bfc062723c751e8b465ee728b)  -> (artifact id: 'c9c9ded8e676c5185b2e9341c7babedb') in 0.019658 seconds
Number of updated asset objects reloaded before import = 0
Number of asset objects unloaded after import = 29
========================================================================
Received Import Request.
  Time since last request: 8.272701 seconds.
  path: Assets/Prefabs/ARBOL_CAIDO_7.prefab
  artifactKey: Guid(5fd10e19c40fc284fa5fe0344ec36448) Importer(815301076,1909f56bfc062723c751e8b465ee728b)
Start importing Assets/Prefabs/ARBOL_CAIDO_7.prefab using Guid(5fd10e19c40fc284fa5fe0344ec36448) Importer(815301076,1909f56bfc062723c751e8b465ee728b)  -> (artifact id: '1e8723cb43568800687aaf663485f345') in 0.020711 seconds
Number of updated asset objects reloaded before import = 0
Number of asset objects unloaded after import = 29
========================================================================
Received Prepare
Begin MonoManager ReloadAssembly
- Loaded All Assemblies, in  0.418 seconds
Refreshing native plugins compatible for Editor in 3.45 ms, found 3 plugins.
Native extension for WindowsStandalone target not found
Mono: successfully reloaded assembly
- Finished resetting the current domain, in  1.828 seconds
Domain Reload Profiling: 2244ms
	BeginReloadAssembly (130ms)
		ExecutionOrderSort (0ms)
		DisableScriptedObjects (2ms)
		BackupInstance (0ms)
		ReleaseScriptingObjects (0ms)
		CreateAndSetChildDomain (34ms)
	RebuildCommonClasses (22ms)
	RebuildNativeTypeToScriptingClass (7ms)
	initialDomainReloadingComplete (24ms)
	LoadAllAssembliesAndSetupDomain (232ms)
		LoadAssemblies (280ms)
		RebuildTransferFunctionScriptingTraits (0ms)
		AnalyzeDomain (17ms)
			TypeCache.Refresh (5ms)
				TypeCache.ScanAssembly (0ms)
			ScanForSourceGeneratedMonoScriptInfo (0ms)
			ResolveRequiredComponents (10ms)
	FinalizeReload (1829ms)
		ReleaseScriptCaches (0ms)
		RebuildScriptCaches (0ms)
		SetupLoadedEditorAssemblies (515ms)
			LogAssemblyErrors (0ms)
			InitializePlatformSupportModulesInManaged (6ms)
			SetLoadedEditorAssemblies (4ms)
			RefreshPlugins (0ms)
			BeforeProcessingInitializeOnLoad (75ms)
			ProcessInitializeOnLoadAttributes (361ms)
			ProcessInitializeOnLoadMethodAttributes (61ms)
			AfterProcessingInitializeOnLoad (7ms)
			EditorAssembliesLoaded (0ms)
		ExecutionOrderSort2 (0ms)
		AwakeInstancesAfterBackupRestoration (6ms)
Refreshing native plugins compatible for Editor in 3.89 ms, found 3 plugins.
Preloading 0 native plugins for Editor in 0.00 ms.
Unloading 5561 Unused Serialized files (Serialized files now loaded: 0)
Unloading 47 unused Assets / (0.8 MB). Loaded Objects now: 6248.
Memory consumption went from 212.7 MB to 212.0 MB.
Total: 3.167000 ms (FindLiveObjects: 0.319400 ms CreateObjectMapping: 0.213200 ms MarkObjects: 2.354700 ms  DeleteObjects: 0.278600 ms)

Prepare: number of updated asset objects reloaded= 0
AssetImportParameters requested are different than current active one (requested -> active):
  custom:container-demuxer-ogg: 62fdf1f143b41e24485cea50d1cbac27 -> 
  custom:video-codec-MediaFoundation-h265: 746d11721c4dcdbdad8f713fa42b33f4 -> 
  custom:video-decoder-ogg-theora: a1e56fd34408186e4bbccfd4996cb3dc -> 
  custom:framework-win-MediaFoundation: 216162199b28c13a410421893ffa2e32 -> 
  custom:CustomObjectIndexerAttribute: 62b5816608c3102f162a1797e29626cf -> 
  custom:container-demuxer-webm: 4f35f7cbe854078d1ac9338744f61a02 -> 
  custom:container-muxer-webm: aa71ff27fc2769a1b78a27578f13a17b -> 
  custom:video-decoder-webm-vp8: 9c59270c3fd7afecdb556c50c9e8de78 -> 
  custom:SearchIndexIgnoredProperties: e643bd26f0fe6173181afceb89e7c659 -> 
  custom:AudioImporter_EditorPlatform: d09bf68614088b80899f8185d706f6e7 -> 
  custom:video-encoder-webm-vp8: eb34c28f22e8b96e1ab97ce403110664 -> 
  custom:audio-decoder-ogg-vorbis: bf7c407c2cedff20999df2af8eb42d56 -> 
  custom:audio-encoder-webm-vorbis: bf7c407c2cedff20999df2af8eb42d56 -> 
========================================================================
Received Import Request.
  Time since last request: 237.981680 seconds.
  path: Assets/Prefabs/ARBOL_CAIDO_5.prefab
  artifactKey: Guid(74e38b18c842ba6439f79fc27fbd0bf6) Importer(815301076,1909f56bfc062723c751e8b465ee728b)
Start importing Assets/Prefabs/ARBOL_CAIDO_5.prefab using Guid(74e38b18c842ba6439f79fc27fbd0bf6) Importer(815301076,1909f56bfc062723c751e8b465ee728b)  -> (artifact id: '5f341aefe442609489365a094bf33e15') in 0.087725 seconds
Number of updated asset objects reloaded before import = 0
Number of asset objects unloaded after import = 29
========================================================================
Received Import Request.
  Time since last request: 30.462667 seconds.
  path: Assets/Prefabs/ARBOL_CAIDO_5.prefab
  artifactKey: Guid(74e38b18c842ba6439f79fc27fbd0bf6) Importer(815301076,1909f56bfc062723c751e8b465ee728b)
Start importing Assets/Prefabs/ARBOL_CAIDO_5.prefab using Guid(74e38b18c842ba6439f79fc27fbd0bf6) Importer(815301076,1909f56bfc062723c751e8b465ee728b)  -> (artifact id: '978d0dda132636f10bf04e08f12fef84') in 0.009013 seconds
Number of updated asset objects reloaded before import = 0
Number of asset objects unloaded after import = 30
========================================================================
Received Import Request.
  Time since last request: 13.687654 seconds.
  path: Assets/Prefabs/ARBOL_CAIDO_5.prefab
  artifactKey: Guid(74e38b18c842ba6439f79fc27fbd0bf6) Importer(815301076,1909f56bfc062723c751e8b465ee728b)
Start importing Assets/Prefabs/ARBOL_CAIDO_5.prefab using Guid(74e38b18c842ba6439f79fc27fbd0bf6) Importer(815301076,1909f56bfc062723c751e8b465ee728b)  -> (artifact id: 'a0bc1e7f92b718a03664b22fb47e1415') in 0.007470 seconds
Number of updated asset objects reloaded before import = 0
Number of asset objects unloaded after import = 31
========================================================================
Received Import Request.
  Time since last request: 15.652915 seconds.
  path: Assets/Prefabs/ARBOL_CAIDO_5.prefab
  artifactKey: Guid(74e38b18c842ba6439f79fc27fbd0bf6) Importer(815301076,1909f56bfc062723c751e8b465ee728b)
Start importing Assets/Prefabs/ARBOL_CAIDO_5.prefab using Guid(74e38b18c842ba6439f79fc27fbd0bf6) Importer(815301076,1909f56bfc062723c751e8b465ee728b)  -> (artifact id: '02b966c4e42cd1119859761a8e1e907d') in 0.010046 seconds
Number of updated asset objects reloaded before import = 0
Number of asset objects unloaded after import = 31
========================================================================
Received Import Request.
  Time since last request: 39.063313 seconds.
  path: Assets/Prefabs/ARBOL_CAIDO_1.prefab
  artifactKey: Guid(8f4f840679ae8f54483053fb5fba43d8) Importer(815301076,1909f56bfc062723c751e8b465ee728b)
Start importing Assets/Prefabs/ARBOL_CAIDO_1.prefab using Guid(8f4f840679ae8f54483053fb5fba43d8) Importer(815301076,1909f56bfc062723c751e8b465ee728b)  -> (artifact id: '5d096b6c39a1b5f6ec5db0b6cac6fd79') in 0.010254 seconds
Number of updated asset objects reloaded before import = 0
Number of asset objects unloaded after import = 30
========================================================================
Received Import Request.
  Time since last request: 5.245262 seconds.
  path: Assets/Prefabs/ARBOL_CAIDO_1.prefab
  artifactKey: Guid(8f4f840679ae8f54483053fb5fba43d8) Importer(815301076,1909f56bfc062723c751e8b465ee728b)
Start importing Assets/Prefabs/ARBOL_CAIDO_1.prefab using Guid(8f4f840679ae8f54483053fb5fba43d8) Importer(815301076,1909f56bfc062723c751e8b465ee728b)  -> (artifact id: 'a276475d65ae366c761334d63880f88d') in 0.009976 seconds
Number of updated asset objects reloaded before import = 0
Number of asset objects unloaded after import = 31
========================================================================
Received Import Request.
  Time since last request: 15.360379 seconds.
  path: Assets/Prefabs/ARBOL_CAIDO_2.prefab
  artifactKey: Guid(0ce5498ebd5a06c4ca40ddd404e127d6) Importer(815301076,1909f56bfc062723c751e8b465ee728b)
Start importing Assets/Prefabs/ARBOL_CAIDO_2.prefab using Guid(0ce5498ebd5a06c4ca40ddd404e127d6) Importer(815301076,1909f56bfc062723c751e8b465ee728b)  -> (artifact id: '693e9769e8d6f8820d13e905c4714019') in 0.007747 seconds
Number of updated asset objects reloaded before import = 0
Number of asset objects unloaded after import = 30
========================================================================
Received Import Request.
  Time since last request: 2.191083 seconds.
  path: Assets/Prefabs/ARBOL_CAIDO_2.prefab
  artifactKey: Guid(0ce5498ebd5a06c4ca40ddd404e127d6) Importer(815301076,1909f56bfc062723c751e8b465ee728b)
Start importing Assets/Prefabs/ARBOL_CAIDO_2.prefab using Guid(0ce5498ebd5a06c4ca40ddd404e127d6) Importer(815301076,1909f56bfc062723c751e8b465ee728b)  -> (artifact id: '8506d07a15f6b9e7ff9372f026217fad') in 0.008908 seconds
Number of updated asset objects reloaded before import = 0
Number of asset objects unloaded after import = 31
========================================================================
Received Import Request.
  Time since last request: 8.761161 seconds.
  path: Assets/Prefabs/ARBOL_CAIDO_3.prefab
  artifactKey: Guid(9752077f9063e404388a1f6f230033a3) Importer(815301076,1909f56bfc062723c751e8b465ee728b)
Start importing Assets/Prefabs/ARBOL_CAIDO_3.prefab using Guid(9752077f9063e404388a1f6f230033a3) Importer(815301076,1909f56bfc062723c751e8b465ee728b)  -> (artifact id: 'bde95fbcde23fff5e27112df153f58fb') in 0.010434 seconds
Number of updated asset objects reloaded before import = 0
Number of asset objects unloaded after import = 30
========================================================================
Received Import Request.
  Time since last request: 2.388797 seconds.
  path: Assets/Prefabs/ARBOL_CAIDO_3.prefab
  artifactKey: Guid(9752077f9063e404388a1f6f230033a3) Importer(815301076,1909f56bfc062723c751e8b465ee728b)
Start importing Assets/Prefabs/ARBOL_CAIDO_3.prefab using Guid(9752077f9063e404388a1f6f230033a3) Importer(815301076,1909f56bfc062723c751e8b465ee728b)  -> (artifact id: 'b9d29a331d3f549e16c58bb4fdc119ef') in 0.008345 seconds
Number of updated asset objects reloaded before import = 0
Number of asset objects unloaded after import = 31
========================================================================
Received Import Request.
  Time since last request: 139.728853 seconds.
  path: Assets/Prefabs/ARBOL_CAIDO_1.prefab
  artifactKey: Guid(8f4f840679ae8f54483053fb5fba43d8) Importer(815301076,1909f56bfc062723c751e8b465ee728b)
Start importing Assets/Prefabs/ARBOL_CAIDO_1.prefab using Guid(8f4f840679ae8f54483053fb5fba43d8) Importer(815301076,1909f56bfc062723c751e8b465ee728b)  -> (artifact id: '84148ac8228b09c02cd78f9c8c6c33fb') in 0.024712 seconds
Number of updated asset objects reloaded before import = 0
Number of asset objects unloaded after import = 30
========================================================================
Received Import Request.
  Time since last request: 2.941419 seconds.
  path: Assets/Prefabs/ARBOL_CAIDO_2.prefab
  artifactKey: Guid(0ce5498ebd5a06c4ca40ddd404e127d6) Importer(815301076,1909f56bfc062723c751e8b465ee728b)
Start importing Assets/Prefabs/ARBOL_CAIDO_2.prefab using Guid(0ce5498ebd5a06c4ca40ddd404e127d6) Importer(815301076,1909f56bfc062723c751e8b465ee728b)  -> (artifact id: '3563b5ff628b7f9beec113cce5044773') in 0.007807 seconds
Number of updated asset objects reloaded before import = 0
Number of asset objects unloaded after import = 30
========================================================================
Received Import Request.
  Time since last request: 3.616782 seconds.
  path: Assets/Prefabs/ARBOL_CAIDO_3.prefab
  artifactKey: Guid(9752077f9063e404388a1f6f230033a3) Importer(815301076,1909f56bfc062723c751e8b465ee728b)
Start importing Assets/Prefabs/ARBOL_CAIDO_3.prefab using Guid(9752077f9063e404388a1f6f230033a3) Importer(815301076,1909f56bfc062723c751e8b465ee728b)  -> (artifact id: 'e76f44424363d495a2d42d0a67b1f99e') in 0.008086 seconds
Number of updated asset objects reloaded before import = 0
Number of asset objects unloaded after import = 30
========================================================================
Received Import Request.
  Time since last request: 3.529463 seconds.
  path: Assets/Prefabs/ARBOL_CAIDO_4.prefab
  artifactKey: Guid(06ca7ec07bda4a64683dd61a36fd1413) Importer(815301076,1909f56bfc062723c751e8b465ee728b)
Start importing Assets/Prefabs/ARBOL_CAIDO_4.prefab using Guid(06ca7ec07bda4a64683dd61a36fd1413) Importer(815301076,1909f56bfc062723c751e8b465ee728b)  -> (artifact id: 'da375ea8742119fd0dc9c1b988dd6234') in 0.007309 seconds
Number of updated asset objects reloaded before import = 0
Number of asset objects unloaded after import = 30
========================================================================
Received Import Request.
  Time since last request: 2.664896 seconds.
  path: Assets/Prefabs/ARBOL_CAIDO_5.prefab
  artifactKey: Guid(74e38b18c842ba6439f79fc27fbd0bf6) Importer(815301076,1909f56bfc062723c751e8b465ee728b)
Start importing Assets/Prefabs/ARBOL_CAIDO_5.prefab using Guid(74e38b18c842ba6439f79fc27fbd0bf6) Importer(815301076,1909f56bfc062723c751e8b465ee728b)  -> (artifact id: '6460c1bb9b07898dc4a344fbb23185e0') in 0.007982 seconds
Number of updated asset objects reloaded before import = 0
Number of asset objects unloaded after import = 32
========================================================================
Received Import Request.
  Time since last request: 2.849333 seconds.
  path: Assets/Prefabs/ARBOL_CAIDO_6.prefab
  artifactKey: Guid(14b7afe552d445f468ef6e37e5d919c0) Importer(815301076,1909f56bfc062723c751e8b465ee728b)
Start importing Assets/Prefabs/ARBOL_CAIDO_6.prefab using Guid(14b7afe552d445f468ef6e37e5d919c0) Importer(815301076,1909f56bfc062723c751e8b465ee728b)  -> (artifact id: '00b4a1ec63b2d947a9e7654fe4928301') in 0.008500 seconds
Number of updated asset objects reloaded before import = 0
Number of asset objects unloaded after import = 31
========================================================================
Received Import Request.
  Time since last request: 2.610746 seconds.
  path: Assets/Prefabs/ARBOL_CAIDO_7.prefab
  artifactKey: Guid(5fd10e19c40fc284fa5fe0344ec36448) Importer(815301076,1909f56bfc062723c751e8b465ee728b)
Start importing Assets/Prefabs/ARBOL_CAIDO_7.prefab using Guid(5fd10e19c40fc284fa5fe0344ec36448) Importer(815301076,1909f56bfc062723c751e8b465ee728b)  -> (artifact id: '2a232d403f2cbaaee7082c69ee652487') in 0.007743 seconds
Number of updated asset objects reloaded before import = 0
Number of asset objects unloaded after import = 30
========================================================================
Received Prepare
Begin MonoManager ReloadAssembly
- Loaded All Assemblies, in  0.395 seconds
Refreshing native plugins compatible for Editor in 3.26 ms, found 3 plugins.
Native extension for WindowsStandalone target not found
Mono: successfully reloaded assembly
- Finished resetting the current domain, in  1.133 seconds
Domain Reload Profiling: 1526ms
	BeginReloadAssembly (129ms)
		ExecutionOrderSort (0ms)
		DisableScriptedObjects (3ms)
		BackupInstance (0ms)
		ReleaseScriptingObjects (0ms)
		CreateAndSetChildDomain (33ms)
	RebuildCommonClasses (30ms)
	RebuildNativeTypeToScriptingClass (10ms)
	initialDomainReloadingComplete (24ms)
	LoadAllAssembliesAndSetupDomain (199ms)
		LoadAssemblies (246ms)
		RebuildTransferFunctionScriptingTraits (0ms)
		AnalyzeDomain (17ms)
			TypeCache.Refresh (6ms)
				TypeCache.ScanAssembly (0ms)
			ScanForSourceGeneratedMonoScriptInfo (0ms)
			ResolveRequiredComponents (9ms)
	FinalizeReload (1134ms)
		ReleaseScriptCaches (0ms)
		RebuildScriptCaches (0ms)
		SetupLoadedEditorAssemblies (559ms)
			LogAssemblyErrors (0ms)
			InitializePlatformSupportModulesInManaged (6ms)
			SetLoadedEditorAssemblies (5ms)
			RefreshPlugins (0ms)
			BeforeProcessingInitializeOnLoad (77ms)
			ProcessInitializeOnLoadAttributes (397ms)
			ProcessInitializeOnLoadMethodAttributes (67ms)
			AfterProcessingInitializeOnLoad (7ms)
			EditorAssembliesLoaded (0ms)
		ExecutionOrderSort2 (0ms)
		AwakeInstancesAfterBackupRestoration (7ms)
Refreshing native plugins compatible for Editor in 5.07 ms, found 3 plugins.
Preloading 0 native plugins for Editor in 0.00 ms.
Unloading 5561 Unused Serialized files (Serialized files now loaded: 0)
Unloading 47 unused Assets / (0.8 MB). Loaded Objects now: 6263.
Memory consumption went from 214.7 MB to 213.9 MB.
Total: 3.839300 ms (FindLiveObjects: 0.556700 ms CreateObjectMapping: 0.185500 ms MarkObjects: 2.727300 ms  DeleteObjects: 0.368000 ms)

Prepare: number of updated asset objects reloaded= 0
AssetImportParameters requested are different than current active one (requested -> active):
  custom:container-demuxer-ogg: 62fdf1f143b41e24485cea50d1cbac27 -> 
  custom:video-codec-MediaFoundation-h265: 746d11721c4dcdbdad8f713fa42b33f4 -> 
  custom:video-decoder-ogg-theora: a1e56fd34408186e4bbccfd4996cb3dc -> 
  custom:framework-win-MediaFoundation: 216162199b28c13a410421893ffa2e32 -> 
  custom:CustomObjectIndexerAttribute: 62b5816608c3102f162a1797e29626cf -> 
  custom:container-demuxer-webm: 4f35f7cbe854078d1ac9338744f61a02 -> 
  custom:container-muxer-webm: aa71ff27fc2769a1b78a27578f13a17b -> 
  custom:video-decoder-webm-vp8: 9c59270c3fd7afecdb556c50c9e8de78 -> 
  custom:SearchIndexIgnoredProperties: e643bd26f0fe6173181afceb89e7c659 -> 
  custom:AudioImporter_EditorPlatform: d09bf68614088b80899f8185d706f6e7 -> 
  custom:video-encoder-webm-vp8: eb34c28f22e8b96e1ab97ce403110664 -> 
  custom:audio-decoder-ogg-vorbis: bf7c407c2cedff20999df2af8eb42d56 -> 
  custom:audio-encoder-webm-vorbis: bf7c407c2cedff20999df2af8eb42d56 -> 
========================================================================
Received Prepare
Begin MonoManager ReloadAssembly
- Loaded All Assemblies, in  0.379 seconds
Refreshing native plugins compatible for Editor in 3.29 ms, found 3 plugins.
Native extension for WindowsStandalone target not found
Mono: successfully reloaded assembly
- Finished resetting the current domain, in  1.152 seconds
Domain Reload Profiling: 1529ms
	BeginReloadAssembly (125ms)
		ExecutionOrderSort (0ms)
		DisableScriptedObjects (3ms)
		BackupInstance (0ms)
		ReleaseScriptingObjects (0ms)
		CreateAndSetChildDomain (30ms)
	RebuildCommonClasses (24ms)
	RebuildNativeTypeToScriptingClass (8ms)
	initialDomainReloadingComplete (24ms)
	LoadAllAssembliesAndSetupDomain (195ms)
		LoadAssemblies (241ms)
		RebuildTransferFunctionScriptingTraits (0ms)
		AnalyzeDomain (17ms)
			TypeCache.Refresh (6ms)
				TypeCache.ScanAssembly (0ms)
			ScanForSourceGeneratedMonoScriptInfo (0ms)
			ResolveRequiredComponents (9ms)
	FinalizeReload (1153ms)
		ReleaseScriptCaches (0ms)
		RebuildScriptCaches (0ms)
		SetupLoadedEditorAssemblies (562ms)
			LogAssemblyErrors (0ms)
			InitializePlatformSupportModulesInManaged (6ms)
			SetLoadedEditorAssemblies (5ms)
			RefreshPlugins (0ms)
			BeforeProcessingInitializeOnLoad (79ms)
			ProcessInitializeOnLoadAttributes (397ms)
			ProcessInitializeOnLoadMethodAttributes (68ms)
			AfterProcessingInitializeOnLoad (7ms)
			EditorAssembliesLoaded (0ms)
		ExecutionOrderSort2 (0ms)
		AwakeInstancesAfterBackupRestoration (7ms)
Refreshing native plugins compatible for Editor in 4.25 ms, found 3 plugins.
Preloading 0 native plugins for Editor in 0.00 ms.
Unloading 5562 Unused Serialized files (Serialized files now loaded: 0)
Unloading 47 unused Assets / (0.8 MB). Loaded Objects now: 6278.
Memory consumption went from 216.9 MB to 216.1 MB.
Total: 3.700900 ms (FindLiveObjects: 0.330300 ms CreateObjectMapping: 0.232800 ms MarkObjects: 2.799800 ms  DeleteObjects: 0.336900 ms)

Prepare: number of updated asset objects reloaded= 0
AssetImportParameters requested are different than current active one (requested -> active):
  custom:container-demuxer-ogg: 62fdf1f143b41e24485cea50d1cbac27 -> 
  custom:video-codec-MediaFoundation-h265: 746d11721c4dcdbdad8f713fa42b33f4 -> 
  custom:video-decoder-ogg-theora: a1e56fd34408186e4bbccfd4996cb3dc -> 
  custom:framework-win-MediaFoundation: 216162199b28c13a410421893ffa2e32 -> 
  custom:CustomObjectIndexerAttribute: 62b5816608c3102f162a1797e29626cf -> 
  custom:container-demuxer-webm: 4f35f7cbe854078d1ac9338744f61a02 -> 
  custom:container-muxer-webm: aa71ff27fc2769a1b78a27578f13a17b -> 
  custom:video-decoder-webm-vp8: 9c59270c3fd7afecdb556c50c9e8de78 -> 
  custom:SearchIndexIgnoredProperties: e643bd26f0fe6173181afceb89e7c659 -> 
  custom:AudioImporter_EditorPlatform: d09bf68614088b80899f8185d706f6e7 -> 
  custom:video-encoder-webm-vp8: eb34c28f22e8b96e1ab97ce403110664 -> 
  custom:audio-decoder-ogg-vorbis: bf7c407c2cedff20999df2af8eb42d56 -> 
  custom:audio-encoder-webm-vorbis: bf7c407c2cedff20999df2af8eb42d56 -> 
========================================================================
Received Import Request.
  Time since last request: 225.726337 seconds.
  path: Assets/Prefabs/ARBOL_CAIDO_1.prefab
  artifactKey: Guid(8f4f840679ae8f54483053fb5fba43d8) Importer(815301076,1909f56bfc062723c751e8b465ee728b)
Start importing Assets/Prefabs/ARBOL_CAIDO_1.prefab using Guid(8f4f840679ae8f54483053fb5fba43d8) Importer(815301076,1909f56bfc062723c751e8b465ee728b)  -> (artifact id: '581c268d942626650c710de86979d2a6') in 0.079678 seconds
Number of updated asset objects reloaded before import = 0
Number of asset objects unloaded after import = 32
========================================================================
Received Import Request.
  Time since last request: 0.000030 seconds.
  path: Assets/Prefabs/ARBOL_CAIDO_3.prefab
  artifactKey: Guid(9752077f9063e404388a1f6f230033a3) Importer(815301076,1909f56bfc062723c751e8b465ee728b)
Start importing Assets/Prefabs/ARBOL_CAIDO_3.prefab using Guid(9752077f9063e404388a1f6f230033a3) Importer(815301076,1909f56bfc062723c751e8b465ee728b)  -> (artifact id: '0923f7b9476862036e47b4be9581ef2e') in 0.012186 seconds
Number of updated asset objects reloaded before import = 0
Number of asset objects unloaded after import = 32
========================================================================
Received Import Request.
  Time since last request: 0.000033 seconds.
  path: Assets/Prefabs/ARBOL_CAIDO_4.prefab
  artifactKey: Guid(06ca7ec07bda4a64683dd61a36fd1413) Importer(815301076,1909f56bfc062723c751e8b465ee728b)
Start importing Assets/Prefabs/ARBOL_CAIDO_4.prefab using Guid(06ca7ec07bda4a64683dd61a36fd1413) Importer(815301076,1909f56bfc062723c751e8b465ee728b)  -> (artifact id: '1cb8c10500f8c3db2b5960f3a0901177') in 0.011085 seconds
Number of updated asset objects reloaded before import = 0
Number of asset objects unloaded after import = 32
========================================================================
Received Import Request.
  Time since last request: 0.000042 seconds.
  path: Assets/Prefabs/ARBOL_CAIDO_5.prefab
  artifactKey: Guid(74e38b18c842ba6439f79fc27fbd0bf6) Importer(815301076,1909f56bfc062723c751e8b465ee728b)
Start importing Assets/Prefabs/ARBOL_CAIDO_5.prefab using Guid(74e38b18c842ba6439f79fc27fbd0bf6) Importer(815301076,1909f56bfc062723c751e8b465ee728b)  -> (artifact id: '1280da90902b00cdcff8c1feeb84d328') in 0.011714 seconds
Number of updated asset objects reloaded before import = 0
Number of asset objects unloaded after import = 32
========================================================================
Received Import Request.
  Time since last request: 0.000018 seconds.
  path: Assets/Prefabs/ARBOL_CAIDO_7.prefab
  artifactKey: Guid(5fd10e19c40fc284fa5fe0344ec36448) Importer(815301076,1909f56bfc062723c751e8b465ee728b)
Start importing Assets/Prefabs/ARBOL_CAIDO_7.prefab using Guid(5fd10e19c40fc284fa5fe0344ec36448) Importer(815301076,1909f56bfc062723c751e8b465ee728b)  -> (artifact id: '59485adc8d3f41df7f24f429d39bc908') in 0.010670 seconds
Number of updated asset objects reloaded before import = 0
Number of asset objects unloaded after import = 32
========================================================================
Received Import Request.
  Time since last request: 7.439482 seconds.
  path: Assets/Prefabs/ARBOL_CAIDO_2.prefab
  artifactKey: Guid(0ce5498ebd5a06c4ca40ddd404e127d6) Importer(815301076,1909f56bfc062723c751e8b465ee728b)
Start importing Assets/Prefabs/ARBOL_CAIDO_2.prefab using Guid(0ce5498ebd5a06c4ca40ddd404e127d6) Importer(815301076,1909f56bfc062723c751e8b465ee728b)  -> (artifact id: 'dfb1add12392d281a57f6ad2bf6e940c') in 0.280083 seconds
Number of updated asset objects reloaded before import = 0
Number of asset objects unloaded after import = 35
========================================================================
Received Import Request.
  Time since last request: 12.144283 seconds.
  path: Assets/Prefabs/ARBOL_CAIDO_2.prefab
  artifactKey: Guid(0ce5498ebd5a06c4ca40ddd404e127d6) Importer(815301076,1909f56bfc062723c751e8b465ee728b)
Start importing Assets/Prefabs/ARBOL_CAIDO_2.prefab using Guid(0ce5498ebd5a06c4ca40ddd404e127d6) Importer(815301076,1909f56bfc062723c751e8b465ee728b)  -> (artifact id: '88267c20ef09b672a4029208f6a38da9') in 0.034379 seconds
Number of updated asset objects reloaded before import = 0
Number of asset objects unloaded after import = 35
========================================================================
Received Import Request.
  Time since last request: 0.000019 seconds.
  path: Assets/Prefabs/ARBOL_CAIDO_6.prefab
  artifactKey: Guid(14b7afe552d445f468ef6e37e5d919c0) Importer(815301076,1909f56bfc062723c751e8b465ee728b)
Start importing Assets/Prefabs/ARBOL_CAIDO_6.prefab using Guid(14b7afe552d445f468ef6e37e5d919c0) Importer(815301076,1909f56bfc062723c751e8b465ee728b)  -> (artifact id: 'e584b2b4a4c817acfde6527d2894a326') in 0.036635 seconds
Number of updated asset objects reloaded before import = 0
Number of asset objects unloaded after import = 36
Editor requested this worker to shutdown with reason: Scaling down because of idle timeout
TcpMessagingSession - receive error: operation aborted. errorcode: 995, details: La operación de E/S se anuló por una salida de subproceso o por una solicitud de aplicación.
AssetImportWorker is now disconnected from the server
Process exiting
Exiting without the bug reporter. Application will terminate with return code 0