Using pre-set license
Built from '2022.3/release' branch; Version is '2022.3.20f1 (61c2feb0970d) revision 6406910'; Using compiler version '192829333'; Build Type 'Release'
OS: 'Windows 11  (10.0.26100) 64bit Core' Language: 'es' Physical Memory: 16004 MB
BatchMode: 1, IsHumanControllingUs: 0, StartBugReporterOnCrash: 0, Is64bit: 1, IsPro: 1

COMMAND LINE ARGUMENTS:
C:\Program Files\Unity\Hub\Editor\2022.3.20f1\Editor\Unity.exe
-adb2
-batchMode
-noUpm
-name
AssetImportWorker5
-projectPath
C:/FALLEN
-logFile
Logs/AssetImportWorker5.log
-srvPort
51073
Successfully changed project path to: C:/FALLEN
C:/FALLEN
[UnityMemory] Configuration Parameters - Can be set up in boot.config
    "memorysetup-bucket-allocator-granularity=16"
    "memorysetup-bucket-allocator-bucket-count=8"
    "memorysetup-bucket-allocator-block-size=33554432"
    "memorysetup-bucket-allocator-block-count=8"
    "memorysetup-main-allocator-block-size=16777216"
    "memorysetup-thread-allocator-block-size=16777216"
    "memorysetup-gfx-main-allocator-block-size=16777216"
    "memorysetup-gfx-thread-allocator-block-size=16777216"
    "memorysetup-cache-allocator-block-size=4194304"
    "memorysetup-typetree-allocator-block-size=2097152"
    "memorysetup-profiler-bucket-allocator-granularity=16"
    "memorysetup-profiler-bucket-allocator-bucket-count=8"
    "memorysetup-profiler-bucket-allocator-block-size=33554432"
    "memorysetup-profiler-bucket-allocator-block-count=8"
    "memorysetup-profiler-allocator-block-size=16777216"
    "memorysetup-profiler-editor-allocator-block-size=1048576"
    "memorysetup-temp-allocator-size-main=16777216"
    "memorysetup-job-temp-allocator-block-size=2097152"
    "memorysetup-job-temp-allocator-block-size-background=1048576"
    "memorysetup-job-temp-allocator-reduction-small-platforms=262144"
    "memorysetup-allocator-temp-initial-block-size-main=262144"
    "memorysetup-allocator-temp-initial-block-size-worker=262144"
    "memorysetup-temp-allocator-size-background-worker=32768"
    "memorysetup-temp-allocator-size-job-worker=262144"
    "memorysetup-temp-allocator-size-preload-manager=33554432"
    "memorysetup-temp-allocator-size-nav-mesh-worker=65536"
    "memorysetup-temp-allocator-size-audio-worker=65536"
    "memorysetup-temp-allocator-size-cloud-worker=32768"
    "memorysetup-temp-allocator-size-gi-baking-worker=262144"
    "memorysetup-temp-allocator-size-gfx=262144"
Player connection [8552] Host "[IP] 192.168.1.200 [Port] 0 [Flags] 2 [Guid] 1001514175 [EditorId] 1001514175 [Version] 1048832 [Id] WindowsEditor(7,USER-AZEL) [Debug] 1 [PackageName] WindowsEditor [ProjectName] Editor" joined multi-casting on [225.0.0.222:54997]...

Player connection [8552] Host "[IP] 192.168.1.200 [Port] 0 [Flags] 2 [Guid] 1001514175 [EditorId] 1001514175 [Version] 1048832 [Id] WindowsEditor(7,USER-AZEL) [Debug] 1 [PackageName] WindowsEditor [ProjectName] Editor" joined alternative multi-casting on [225.0.0.222:34997]...

[Physics::Module] Initialized MultithreadedJobDispatcher with 15 workers.
Refreshing native plugins compatible for Editor in 11.96 ms, found 3 plugins.
Preloading 0 native plugins for Editor in 0.00 ms.
Initialize engine version: 2022.3.20f1 (61c2feb0970d)
[Subsystems] Discovering subsystems at path C:/Program Files/Unity/Hub/Editor/2022.3.20f1/Editor/Data/Resources/UnitySubsystems
[Subsystems] Discovering subsystems at path C:/FALLEN/Assets
GfxDevice: creating device client; threaded=0; jobified=0
Direct3D:
    Version:  Direct3D 11.0 [level 11.1]
    Renderer: NVIDIA GeForce RTX 3060 Laptop GPU (ID=0x2520)
    Vendor:   NVIDIA
    VRAM:     5996 MB
    Driver:   32.0.15.6607
Initialize mono
Mono path[0] = 'C:/Program Files/Unity/Hub/Editor/2022.3.20f1/Editor/Data/Managed'
Mono path[1] = 'C:/Program Files/Unity/Hub/Editor/2022.3.20f1/Editor/Data/MonoBleedingEdge/lib/mono/unityjit-win32'
Mono config path = 'C:/Program Files/Unity/Hub/Editor/2022.3.20f1/Editor/Data/MonoBleedingEdge/etc'
Using monoOptions --debugger-agent=transport=dt_socket,embedding=1,server=y,suspend=n,address=127.0.0.1:56632
Begin MonoManager ReloadAssembly
Registering precompiled unity dll's ...
Register platform support module: C:/Program Files/Unity/Hub/Editor/2022.3.20f1/Editor/Data/PlaybackEngines/WindowsStandaloneSupport/UnityEditor.WindowsStandalone.Extensions.dll
Registered in 0.006121 seconds.
- Loaded All Assemblies, in  0.269 seconds
Native extension for WindowsStandalone target not found
Mono: successfully reloaded assembly
- Finished resetting the current domain, in  0.208 seconds
Domain Reload Profiling: 475ms
	BeginReloadAssembly (86ms)
		ExecutionOrderSort (0ms)
		DisableScriptedObjects (0ms)
		BackupInstance (0ms)
		ReleaseScriptingObjects (0ms)
		CreateAndSetChildDomain (1ms)
	RebuildCommonClasses (24ms)
	RebuildNativeTypeToScriptingClass (8ms)
	initialDomainReloadingComplete (46ms)
	LoadAllAssembliesAndSetupDomain (103ms)
		LoadAssemblies (85ms)
		RebuildTransferFunctionScriptingTraits (0ms)
		AnalyzeDomain (101ms)
			TypeCache.Refresh (100ms)
				TypeCache.ScanAssembly (90ms)
			ScanForSourceGeneratedMonoScriptInfo (0ms)
			ResolveRequiredComponents (0ms)
	FinalizeReload (208ms)
		ReleaseScriptCaches (0ms)
		RebuildScriptCaches (0ms)
		SetupLoadedEditorAssemblies (164ms)
			LogAssemblyErrors (0ms)
			InitializePlatformSupportModulesInManaged (8ms)
			SetLoadedEditorAssemblies (6ms)
			RefreshPlugins (0ms)
			BeforeProcessingInitializeOnLoad (2ms)
			ProcessInitializeOnLoadAttributes (110ms)
			ProcessInitializeOnLoadMethodAttributes (39ms)
			AfterProcessingInitializeOnLoad (0ms)
			EditorAssembliesLoaded (0ms)
		ExecutionOrderSort2 (0ms)
		AwakeInstancesAfterBackupRestoration (0ms)
========================================================================
Worker process is ready to serve import requests
Begin MonoManager ReloadAssembly
- Loaded All Assemblies, in  0.604 seconds
Refreshing native plugins compatible for Editor in 4.94 ms, found 3 plugins.
Native extension for WindowsStandalone target not found
Mono: successfully reloaded assembly
- Finished resetting the current domain, in  0.602 seconds
Domain Reload Profiling: 1204ms
	BeginReloadAssembly (116ms)
		ExecutionOrderSort (0ms)
		DisableScriptedObjects (4ms)
		BackupInstance (0ms)
		ReleaseScriptingObjects (0ms)
		CreateAndSetChildDomain (16ms)
	RebuildCommonClasses (25ms)
	RebuildNativeTypeToScriptingClass (7ms)
	initialDomainReloadingComplete (34ms)
	LoadAllAssembliesAndSetupDomain (419ms)
		LoadAssemblies (281ms)
		RebuildTransferFunctionScriptingTraits (0ms)
		AnalyzeDomain (207ms)
			TypeCache.Refresh (176ms)
				TypeCache.ScanAssembly (162ms)
			ScanForSourceGeneratedMonoScriptInfo (19ms)
			ResolveRequiredComponents (10ms)
	FinalizeReload (603ms)
		ReleaseScriptCaches (0ms)
		RebuildScriptCaches (0ms)
		SetupLoadedEditorAssemblies (468ms)
			LogAssemblyErrors (0ms)
			InitializePlatformSupportModulesInManaged (5ms)
			SetLoadedEditorAssemblies (4ms)
			RefreshPlugins (0ms)
			BeforeProcessingInitializeOnLoad (63ms)
			ProcessInitializeOnLoadAttributes (329ms)
			ProcessInitializeOnLoadMethodAttributes (60ms)
			AfterProcessingInitializeOnLoad (6ms)
			EditorAssembliesLoaded (0ms)
		ExecutionOrderSort2 (0ms)
		AwakeInstancesAfterBackupRestoration (7ms)
Launched and connected shader compiler UnityShaderCompiler.exe after 0.04 seconds
Refreshing native plugins compatible for Editor in 3.67 ms, found 3 plugins.
Preloading 0 native plugins for Editor in 0.00 ms.
Unloading 5715 Unused Serialized files (Serialized files now loaded: 0)
Unloading 90 unused Assets / (0.8 MB). Loaded Objects now: 6191.
Memory consumption went from 242.5 MB to 241.7 MB.
Total: 3.542500 ms (FindLiveObjects: 0.365500 ms CreateObjectMapping: 0.225000 ms MarkObjects: 2.576900 ms  DeleteObjects: 0.374300 ms)

AssetImportParameters requested are different than current active one (requested -> active):
  custom:container-demuxer-ogg: 62fdf1f143b41e24485cea50d1cbac27 -> 
  custom:video-codec-MediaFoundation-h265: 746d11721c4dcdbdad8f713fa42b33f4 -> 
  custom:video-decoder-ogg-theora: a1e56fd34408186e4bbccfd4996cb3dc -> 
  custom:framework-win-MediaFoundation: 216162199b28c13a410421893ffa2e32 -> 
  custom:CustomObjectIndexerAttribute: 62b5816608c3102f162a1797e29626cf -> 
  custom:container-demuxer-webm: 4f35f7cbe854078d1ac9338744f61a02 -> 
  custom:container-muxer-webm: aa71ff27fc2769a1b78a27578f13a17b -> 
  custom:video-decoder-webm-vp8: 9c59270c3fd7afecdb556c50c9e8de78 -> 
  custom:SearchIndexIgnoredProperties: e643bd26f0fe6173181afceb89e7c659 -> 
  custom:AudioImporter_EditorPlatform: d09bf68614088b80899f8185d706f6e7 -> 
  custom:video-encoder-webm-vp8: eb34c28f22e8b96e1ab97ce403110664 -> 
  custom:audio-decoder-ogg-vorbis: bf7c407c2cedff20999df2af8eb42d56 -> 
  custom:audio-encoder-webm-vorbis: bf7c407c2cedff20999df2af8eb42d56 -> 
========================================================================
Received Import Request.
  Time since last request: 143326.385770 seconds.
  path: Assets/Prefabs/ARBOL_CAIDO_4.prefab
  artifactKey: Guid(06ca7ec07bda4a64683dd61a36fd1413) Importer(815301076,1909f56bfc062723c751e8b465ee728b)
Start importing Assets/Prefabs/ARBOL_CAIDO_4.prefab using Guid(06ca7ec07bda4a64683dd61a36fd1413) Importer(815301076,1909f56bfc062723c751e8b465ee728b)  -> (artifact id: 'bf2fcacb6e8fbbbb5051a04c12bf81ae') in 0.140302 seconds
Number of updated asset objects reloaded before import = 0
Number of asset objects unloaded after import = 35
========================================================================
Received Import Request.
  Time since last request: 0.000034 seconds.
  path: Assets/Prefabs/ARBOL_CAIDO_6.prefab
  artifactKey: Guid(14b7afe552d445f468ef6e37e5d919c0) Importer(815301076,1909f56bfc062723c751e8b465ee728b)
Start importing Assets/Prefabs/ARBOL_CAIDO_6.prefab using Guid(14b7afe552d445f468ef6e37e5d919c0) Importer(815301076,1909f56bfc062723c751e8b465ee728b)  -> (artifact id: '4585eb559c6c9a6b98a58019e92058c9') in 0.039934 seconds
Number of updated asset objects reloaded before import = 0
Number of asset objects unloaded after import = 36
========================================================================
Received Import Request.
  Time since last request: 12.229984 seconds.
  path: Assets/Prefabs/ARBOL_CAIDO_4.prefab
  artifactKey: Guid(06ca7ec07bda4a64683dd61a36fd1413) Importer(815301076,1909f56bfc062723c751e8b465ee728b)
Start importing Assets/Prefabs/ARBOL_CAIDO_4.prefab using Guid(06ca7ec07bda4a64683dd61a36fd1413) Importer(815301076,1909f56bfc062723c751e8b465ee728b)  -> (artifact id: '2188627b4b4d1a13ef0e3e4fed3f1dad') in 0.040424 seconds
Number of updated asset objects reloaded before import = 0
Number of asset objects unloaded after import = 35
========================================================================
Received Import Request.
  Time since last request: 0.000017 seconds.
  path: Assets/Prefabs/ARBOL_CAIDO_7.prefab
  artifactKey: Guid(5fd10e19c40fc284fa5fe0344ec36448) Importer(815301076,1909f56bfc062723c751e8b465ee728b)
Start importing Assets/Prefabs/ARBOL_CAIDO_7.prefab using Guid(5fd10e19c40fc284fa5fe0344ec36448) Importer(815301076,1909f56bfc062723c751e8b465ee728b)  -> (artifact id: '09647acb2968e0f9021c1f7b9def74c0') in 0.035257 seconds
Number of updated asset objects reloaded before import = 0
Number of asset objects unloaded after import = 35
========================================================================
Received Import Request.
  Time since last request: 659.019655 seconds.
  path: Assets/Materials/TRONCO/TRONCO_ALBEDO.jpg
  artifactKey: Guid(f7302e7175ddc8047a7bd04636828c46) Importer(815301076,1909f56bfc062723c751e8b465ee728b)
Start importing Assets/Materials/TRONCO/TRONCO_ALBEDO.jpg using Guid(f7302e7175ddc8047a7bd04636828c46) Importer(815301076,1909f56bfc062723c751e8b465ee728b)  -> (artifact id: '6a665f6ccf4c0a53e67478dd5a45e8cb') in 0.038343 seconds
Number of updated asset objects reloaded before import = 0
Number of asset objects unloaded after import = 2
========================================================================
Received Import Request.
  Time since last request: 2.600806 seconds.
  path: Assets/Materials/ARBOLES_CAIDOS/ARBOL_CAIDO_NORMAL.png
  artifactKey: Guid(52b8672e1fb6a0d428fd6102b8579043) Importer(815301076,1909f56bfc062723c751e8b465ee728b)
Start importing Assets/Materials/ARBOLES_CAIDOS/ARBOL_CAIDO_NORMAL.png using Guid(52b8672e1fb6a0d428fd6102b8579043) Importer(815301076,1909f56bfc062723c751e8b465ee728b)  -> (artifact id: '30d6307d73908def15fb4e01f5ff395f') in 0.034675 seconds
Number of updated asset objects reloaded before import = 0
Number of asset objects unloaded after import = 2
========================================================================
Received Import Request.
  Time since last request: 1776.083529 seconds.
  path: Assets/Materials/ROCAS/ROCAS_NORMAL.jpeg
  artifactKey: Guid(d1b58cda869a11644aada64b9e743afb) Importer(815301076,1909f56bfc062723c751e8b465ee728b)
Start importing Assets/Materials/ROCAS/ROCAS_NORMAL.jpeg using Guid(d1b58cda869a11644aada64b9e743afb) Importer(815301076,1909f56bfc062723c751e8b465ee728b)  -> (artifact id: 'c5a684a41d504015823931845e305f3b') in 0.044696 seconds
Number of updated asset objects reloaded before import = 0
Number of asset objects unloaded after import = 2
========================================================================
Received Import Request.
  Time since last request: 33.166797 seconds.
  path: Assets/Materials/RUINA_AGUA/RUINA_ALBIDO.dds
  artifactKey: Guid(062908502993a7e469937f2e261a6384) Importer(815301076,1909f56bfc062723c751e8b465ee728b)
Start importing Assets/Materials/RUINA_AGUA/RUINA_ALBIDO.dds using Guid(062908502993a7e469937f2e261a6384) Importer(815301076,1909f56bfc062723c751e8b465ee728b)  -> (artifact id: '4bb33d7ee8956b37f27004d37f81266e') in 0.025010 seconds
Number of updated asset objects reloaded before import = 0
Number of asset objects unloaded after import = 2
========================================================================
Received Import Request.
  Time since last request: 15.705023 seconds.
  path: Assets/Materials/RUINA_AGUA_2/RUINA_AGUA_2_HEIGHT.png
  artifactKey: Guid(94e8c4f54ed5bc04d9db52fab872f9fb) Importer(815301076,1909f56bfc062723c751e8b465ee728b)
Start importing Assets/Materials/RUINA_AGUA_2/RUINA_AGUA_2_HEIGHT.png using Guid(94e8c4f54ed5bc04d9db52fab872f9fb) Importer(815301076,1909f56bfc062723c751e8b465ee728b)  -> (artifact id: '76bf292a6bbd3cf11fa95b411e479dca') in 0.032766 seconds
Number of updated asset objects reloaded before import = 0
Number of asset objects unloaded after import = 2
========================================================================
Received Import Request.
  Time since last request: 0.000016 seconds.
  path: Assets/Materials/RUINA_AGUA_2/RUINA_AGUA_2_NORMAL.png
  artifactKey: Guid(8e3d3fb03fcf2c446b5390af55e8f506) Importer(815301076,1909f56bfc062723c751e8b465ee728b)
Start importing Assets/Materials/RUINA_AGUA_2/RUINA_AGUA_2_NORMAL.png using Guid(8e3d3fb03fcf2c446b5390af55e8f506) Importer(815301076,1909f56bfc062723c751e8b465ee728b)  -> (artifact id: '57fb0d0fa20ab8932a52a28164892e6a') in 0.024049 seconds
Number of updated asset objects reloaded before import = 0
Number of asset objects unloaded after import = 2
========================================================================
Received Import Request.
  Time since last request: 92.623647 seconds.
  path: Assets/Props/ELEMENTOS AGUA_RUINA.fbx
  artifactKey: Guid(869a92e612e662d4d8add3ac49883858) Importer(815301076,1909f56bfc062723c751e8b465ee728b)
Start importing Assets/Props/ELEMENTOS AGUA_RUINA.fbx using Guid(869a92e612e662d4d8add3ac49883858) Importer(815301076,1909f56bfc062723c751e8b465ee728b)  -> (artifact id: 'f50397863297ad005f74e3c1359cbd5b') in 0.060795 seconds
Number of updated asset objects reloaded before import = 0
Number of asset objects unloaded after import = 8
========================================================================
Received Import Request.
  Time since last request: 0.000020 seconds.
  path: Assets/Props/ELEMENTOS AGUA_TRONCO.fbx
  artifactKey: Guid(5ada74d91d2a73b48a7527b054d8a0d7) Importer(815301076,1909f56bfc062723c751e8b465ee728b)
Start importing Assets/Props/ELEMENTOS AGUA_TRONCO.fbx using Guid(5ada74d91d2a73b48a7527b054d8a0d7) Importer(815301076,1909f56bfc062723c751e8b465ee728b)  -> (artifact id: '07f5f3b88a36f554b7b20b37347b2243') in 0.041538 seconds
Number of updated asset objects reloaded before import = 0
Number of asset objects unloaded after import = 8
========================================================================
Received Import Request.
  Time since last request: 789.668221 seconds.
  path: Assets/Materials/RUINA_AGUA/RUINA_AGUA_METALICROUGHNESS.png
  artifactKey: Guid(2df66726fef58054aa478bbd9ee752b6) Importer(815301076,1909f56bfc062723c751e8b465ee728b)
Start importing Assets/Materials/RUINA_AGUA/RUINA_AGUA_METALICROUGHNESS.png using Guid(2df66726fef58054aa478bbd9ee752b6) Importer(815301076,1909f56bfc062723c751e8b465ee728b)  -> (artifact id: 'e5046287647fa5ede3caef48664f4fe6') in 0.035176 seconds
Number of updated asset objects reloaded before import = 0
Number of asset objects unloaded after import = 2
========================================================================
Received Import Request.
  Time since last request: 2210.975137 seconds.
  path: Assets/Materials/RUINA_AGUA_2/RUINA.mat
  artifactKey: Guid(e0716fca0bf3296449a1b7688867e507) Importer(815301076,1909f56bfc062723c751e8b465ee728b)
Start importing Assets/Materials/RUINA_AGUA_2/RUINA.mat using Guid(e0716fca0bf3296449a1b7688867e507) Importer(815301076,1909f56bfc062723c751e8b465ee728b)  -> (artifact id: '0df1fed1235c13231ae44831c22d0e55') in 0.044110 seconds
Number of updated asset objects reloaded before import = 0
Number of asset objects unloaded after import = 3
