Using pre-set license
Built from '2022.3/release' branch; Version is '2022.3.20f1 (61c2feb0970d) revision 6406910'; Using compiler version '192829333'; Build Type 'Release'
OS: 'Windows 11  (10.0.26100) 64bit Core' Language: 'es' Physical Memory: 16004 MB
BatchMode: 1, IsHumanControllingUs: 0, StartBugReporterOnCrash: 0, Is64bit: 1, IsPro: 1

COMMAND LINE ARGUMENTS:
C:\Program Files\Unity\Hub\Editor\2022.3.20f1\Editor\Unity.exe
-adb2
-batchMode
-noUpm
-name
AssetImportWorker4
-projectPath
C:/FALLEN
-logFile
Logs/AssetImportWorker4.log
-srvPort
51073
Successfully changed project path to: C:/FALLEN
C:/FALLEN
[UnityMemory] Configuration Parameters - Can be set up in boot.config
    "memorysetup-bucket-allocator-granularity=16"
    "memorysetup-bucket-allocator-bucket-count=8"
    "memorysetup-bucket-allocator-block-size=33554432"
    "memorysetup-bucket-allocator-block-count=8"
    "memorysetup-main-allocator-block-size=16777216"
    "memorysetup-thread-allocator-block-size=16777216"
    "memorysetup-gfx-main-allocator-block-size=16777216"
    "memorysetup-gfx-thread-allocator-block-size=16777216"
    "memorysetup-cache-allocator-block-size=4194304"
    "memorysetup-typetree-allocator-block-size=2097152"
    "memorysetup-profiler-bucket-allocator-granularity=16"
    "memorysetup-profiler-bucket-allocator-bucket-count=8"
    "memorysetup-profiler-bucket-allocator-block-size=33554432"
    "memorysetup-profiler-bucket-allocator-block-count=8"
    "memorysetup-profiler-allocator-block-size=16777216"
    "memorysetup-profiler-editor-allocator-block-size=1048576"
    "memorysetup-temp-allocator-size-main=16777216"
    "memorysetup-job-temp-allocator-block-size=2097152"
    "memorysetup-job-temp-allocator-block-size-background=1048576"
    "memorysetup-job-temp-allocator-reduction-small-platforms=262144"
    "memorysetup-allocator-temp-initial-block-size-main=262144"
    "memorysetup-allocator-temp-initial-block-size-worker=262144"
    "memorysetup-temp-allocator-size-background-worker=32768"
    "memorysetup-temp-allocator-size-job-worker=262144"
    "memorysetup-temp-allocator-size-preload-manager=33554432"
    "memorysetup-temp-allocator-size-nav-mesh-worker=65536"
    "memorysetup-temp-allocator-size-audio-worker=65536"
    "memorysetup-temp-allocator-size-cloud-worker=32768"
    "memorysetup-temp-allocator-size-gi-baking-worker=262144"
    "memorysetup-temp-allocator-size-gfx=262144"
Player connection [10940] Host "[IP] 192.168.1.200 [Port] 0 [Flags] 2 [Guid] 2169729411 [EditorId] 2169729411 [Version] 1048832 [Id] WindowsEditor(7,USER-AZEL) [Debug] 1 [PackageName] WindowsEditor [ProjectName] Editor" joined multi-casting on [225.0.0.222:54997]...

Player connection [10940] Host "[IP] 192.168.1.200 [Port] 0 [Flags] 2 [Guid] 2169729411 [EditorId] 2169729411 [Version] 1048832 [Id] WindowsEditor(7,USER-AZEL) [Debug] 1 [PackageName] WindowsEditor [ProjectName] Editor" joined alternative multi-casting on [225.0.0.222:34997]...

[Physics::Module] Initialized MultithreadedJobDispatcher with 15 workers.
Refreshing native plugins compatible for Editor in 8.37 ms, found 3 plugins.
Preloading 0 native plugins for Editor in 0.00 ms.
Initialize engine version: 2022.3.20f1 (61c2feb0970d)
[Subsystems] Discovering subsystems at path C:/Program Files/Unity/Hub/Editor/2022.3.20f1/Editor/Data/Resources/UnitySubsystems
[Subsystems] Discovering subsystems at path C:/FALLEN/Assets
GfxDevice: creating device client; threaded=0; jobified=0
Direct3D:
    Version:  Direct3D 11.0 [level 11.1]
    Renderer: NVIDIA GeForce RTX 3060 Laptop GPU (ID=0x2520)
    Vendor:   NVIDIA
    VRAM:     5996 MB
    Driver:   32.0.15.6607
Initialize mono
Mono path[0] = 'C:/Program Files/Unity/Hub/Editor/2022.3.20f1/Editor/Data/Managed'
Mono path[1] = 'C:/Program Files/Unity/Hub/Editor/2022.3.20f1/Editor/Data/MonoBleedingEdge/lib/mono/unityjit-win32'
Mono config path = 'C:/Program Files/Unity/Hub/Editor/2022.3.20f1/Editor/Data/MonoBleedingEdge/etc'
Using monoOptions --debugger-agent=transport=dt_socket,embedding=1,server=y,suspend=n,address=127.0.0.1:56520
Begin MonoManager ReloadAssembly
Registering precompiled unity dll's ...
Register platform support module: C:/Program Files/Unity/Hub/Editor/2022.3.20f1/Editor/Data/PlaybackEngines/WindowsStandaloneSupport/UnityEditor.WindowsStandalone.Extensions.dll
Registered in 0.005923 seconds.
- Loaded All Assemblies, in  0.268 seconds
Native extension for WindowsStandalone target not found
Mono: successfully reloaded assembly
- Finished resetting the current domain, in  0.208 seconds
Domain Reload Profiling: 475ms
	BeginReloadAssembly (86ms)
		ExecutionOrderSort (0ms)
		DisableScriptedObjects (0ms)
		BackupInstance (0ms)
		ReleaseScriptingObjects (0ms)
		CreateAndSetChildDomain (1ms)
	RebuildCommonClasses (25ms)
	RebuildNativeTypeToScriptingClass (8ms)
	initialDomainReloadingComplete (46ms)
	LoadAllAssembliesAndSetupDomain (102ms)
		LoadAssemblies (85ms)
		RebuildTransferFunctionScriptingTraits (0ms)
		AnalyzeDomain (100ms)
			TypeCache.Refresh (99ms)
				TypeCache.ScanAssembly (89ms)
			ScanForSourceGeneratedMonoScriptInfo (0ms)
			ResolveRequiredComponents (0ms)
	FinalizeReload (209ms)
		ReleaseScriptCaches (0ms)
		RebuildScriptCaches (0ms)
		SetupLoadedEditorAssemblies (165ms)
			LogAssemblyErrors (0ms)
			InitializePlatformSupportModulesInManaged (8ms)
			SetLoadedEditorAssemblies (6ms)
			RefreshPlugins (0ms)
			BeforeProcessingInitializeOnLoad (2ms)
			ProcessInitializeOnLoadAttributes (112ms)
			ProcessInitializeOnLoadMethodAttributes (36ms)
			AfterProcessingInitializeOnLoad (0ms)
			EditorAssembliesLoaded (0ms)
		ExecutionOrderSort2 (0ms)
		AwakeInstancesAfterBackupRestoration (0ms)
========================================================================
Worker process is ready to serve import requests
Begin MonoManager ReloadAssembly
- Loaded All Assemblies, in  0.603 seconds
Refreshing native plugins compatible for Editor in 6.31 ms, found 3 plugins.
Native extension for WindowsStandalone target not found
Mono: successfully reloaded assembly
- Finished resetting the current domain, in  0.585 seconds
Domain Reload Profiling: 1186ms
	BeginReloadAssembly (116ms)
		ExecutionOrderSort (0ms)
		DisableScriptedObjects (4ms)
		BackupInstance (0ms)
		ReleaseScriptingObjects (0ms)
		CreateAndSetChildDomain (15ms)
	RebuildCommonClasses (25ms)
	RebuildNativeTypeToScriptingClass (7ms)
	initialDomainReloadingComplete (34ms)
	LoadAllAssembliesAndSetupDomain (418ms)
		LoadAssemblies (282ms)
		RebuildTransferFunctionScriptingTraits (0ms)
		AnalyzeDomain (205ms)
			TypeCache.Refresh (176ms)
				TypeCache.ScanAssembly (162ms)
			ScanForSourceGeneratedMonoScriptInfo (19ms)
			ResolveRequiredComponents (9ms)
	FinalizeReload (586ms)
		ReleaseScriptCaches (0ms)
		RebuildScriptCaches (0ms)
		SetupLoadedEditorAssemblies (460ms)
			LogAssemblyErrors (0ms)
			InitializePlatformSupportModulesInManaged (4ms)
			SetLoadedEditorAssemblies (3ms)
			RefreshPlugins (0ms)
			BeforeProcessingInitializeOnLoad (59ms)
			ProcessInitializeOnLoadAttributes (332ms)
			ProcessInitializeOnLoadMethodAttributes (56ms)
			AfterProcessingInitializeOnLoad (6ms)
			EditorAssembliesLoaded (0ms)
		ExecutionOrderSort2 (0ms)
		AwakeInstancesAfterBackupRestoration (5ms)
Launched and connected shader compiler UnityShaderCompiler.exe after 0.06 seconds
Refreshing native plugins compatible for Editor in 3.09 ms, found 3 plugins.
Preloading 0 native plugins for Editor in 0.00 ms.
Unloading 5715 Unused Serialized files (Serialized files now loaded: 0)
Unloading 90 unused Assets / (0.8 MB). Loaded Objects now: 6191.
Memory consumption went from 242.5 MB to 241.7 MB.
Total: 3.229200 ms (FindLiveObjects: 0.332900 ms CreateObjectMapping: 0.187500 ms MarkObjects: 2.331900 ms  DeleteObjects: 0.375800 ms)

AssetImportParameters requested are different than current active one (requested -> active):
  custom:container-demuxer-ogg: 62fdf1f143b41e24485cea50d1cbac27 -> 
  custom:video-codec-MediaFoundation-h265: 746d11721c4dcdbdad8f713fa42b33f4 -> 
  custom:video-decoder-ogg-theora: a1e56fd34408186e4bbccfd4996cb3dc -> 
  custom:framework-win-MediaFoundation: 216162199b28c13a410421893ffa2e32 -> 
  custom:CustomObjectIndexerAttribute: 62b5816608c3102f162a1797e29626cf -> 
  custom:container-demuxer-webm: 4f35f7cbe854078d1ac9338744f61a02 -> 
  custom:container-muxer-webm: aa71ff27fc2769a1b78a27578f13a17b -> 
  custom:video-decoder-webm-vp8: 9c59270c3fd7afecdb556c50c9e8de78 -> 
  custom:SearchIndexIgnoredProperties: e643bd26f0fe6173181afceb89e7c659 -> 
  custom:AudioImporter_EditorPlatform: d09bf68614088b80899f8185d706f6e7 -> 
  custom:video-encoder-webm-vp8: eb34c28f22e8b96e1ab97ce403110664 -> 
  custom:audio-decoder-ogg-vorbis: bf7c407c2cedff20999df2af8eb42d56 -> 
  custom:audio-encoder-webm-vorbis: bf7c407c2cedff20999df2af8eb42d56 -> 
========================================================================
Received Import Request.
  Time since last request: 143326.385148 seconds.
  path: Assets/Prefabs/ARBOL_CAIDO_1.prefab
  artifactKey: Guid(8f4f840679ae8f54483053fb5fba43d8) Importer(815301076,1909f56bfc062723c751e8b465ee728b)
Start importing Assets/Prefabs/ARBOL_CAIDO_1.prefab using Guid(8f4f840679ae8f54483053fb5fba43d8) Importer(815301076,1909f56bfc062723c751e8b465ee728b)  -> (artifact id: 'e77a9bc8e937bf376079fe2f5b4218e0') in 0.135605 seconds
Number of updated asset objects reloaded before import = 0
Number of asset objects unloaded after import = 35
========================================================================
Received Import Request.
  Time since last request: 0.000034 seconds.
  path: Assets/Prefabs/ARBOL_CAIDO_5.prefab
  artifactKey: Guid(74e38b18c842ba6439f79fc27fbd0bf6) Importer(815301076,1909f56bfc062723c751e8b465ee728b)
Start importing Assets/Prefabs/ARBOL_CAIDO_5.prefab using Guid(74e38b18c842ba6439f79fc27fbd0bf6) Importer(815301076,1909f56bfc062723c751e8b465ee728b)  -> (artifact id: '27ce81470755acc7d257f761a9a977a3') in 0.040975 seconds
Number of updated asset objects reloaded before import = 0
Number of asset objects unloaded after import = 35
========================================================================
Received Import Request.
  Time since last request: 0.000032 seconds.
  path: Assets/Prefabs/ARBOL_CAIDO_7.prefab
  artifactKey: Guid(5fd10e19c40fc284fa5fe0344ec36448) Importer(815301076,1909f56bfc062723c751e8b465ee728b)
Start importing Assets/Prefabs/ARBOL_CAIDO_7.prefab using Guid(5fd10e19c40fc284fa5fe0344ec36448) Importer(815301076,1909f56bfc062723c751e8b465ee728b)  -> (artifact id: 'c8fa621d228124d1328bb5088aad1afc') in 0.027328 seconds
Number of updated asset objects reloaded before import = 0
Number of asset objects unloaded after import = 35
========================================================================
Received Import Request.
  Time since last request: 12.198317 seconds.
  path: Assets/Prefabs/ARBOL_CAIDO_1.prefab
  artifactKey: Guid(8f4f840679ae8f54483053fb5fba43d8) Importer(815301076,1909f56bfc062723c751e8b465ee728b)
Start importing Assets/Prefabs/ARBOL_CAIDO_1.prefab using Guid(8f4f840679ae8f54483053fb5fba43d8) Importer(815301076,1909f56bfc062723c751e8b465ee728b)  -> (artifact id: '9b1b8c79c6523ae83d03967c2351e9da') in 0.030395 seconds
Number of updated asset objects reloaded before import = 0
Number of asset objects unloaded after import = 35
========================================================================
Received Import Request.
  Time since last request: 0.000017 seconds.
  path: Assets/Prefabs/ARBOL_CAIDO_5.prefab
  artifactKey: Guid(74e38b18c842ba6439f79fc27fbd0bf6) Importer(815301076,1909f56bfc062723c751e8b465ee728b)
Start importing Assets/Prefabs/ARBOL_CAIDO_5.prefab using Guid(74e38b18c842ba6439f79fc27fbd0bf6) Importer(815301076,1909f56bfc062723c751e8b465ee728b)  -> (artifact id: '8b4bab54fb2f9d6a00398c94415554bf') in 0.041796 seconds
Number of updated asset objects reloaded before import = 0
Number of asset objects unloaded after import = 35
========================================================================
Received Import Request.
  Time since last request: 658.931269 seconds.
  path: Assets/Materials/TRONCO
  artifactKey: Guid(eac8d54eeb9a8944f982711176685179) Importer(815301076,1909f56bfc062723c751e8b465ee728b)
Start importing Assets/Materials/TRONCO using Guid(eac8d54eeb9a8944f982711176685179) Importer(815301076,1909f56bfc062723c751e8b465ee728b)  -> (artifact id: '584679547af9dc08027d917c6f661186') in 0.001280 seconds
Number of updated asset objects reloaded before import = 0
Number of asset objects unloaded after import = 0
========================================================================
Received Import Request.
  Time since last request: 0.077827 seconds.
  path: Assets/Materials/TRONCO/TRONCO_.jpg
  artifactKey: Guid(11c331f25b8d41e44938339851a70919) Importer(815301076,1909f56bfc062723c751e8b465ee728b)
Start importing Assets/Materials/TRONCO/TRONCO_.jpg using Guid(11c331f25b8d41e44938339851a70919) Importer(815301076,1909f56bfc062723c751e8b465ee728b)  -> (artifact id: '497e3fa28209341aaf7f34e8933845ea') in 0.037270 seconds
Number of updated asset objects reloaded before import = 0
Number of asset objects unloaded after import = 2
========================================================================
Received Import Request.
  Time since last request: 0.000071 seconds.
  path: Assets/Materials/TRONCO/TRONCO_NORMAL.jpg
  artifactKey: Guid(33f3b689dd0017f4a85a834f43bf42eb) Importer(815301076,1909f56bfc062723c751e8b465ee728b)
Start importing Assets/Materials/TRONCO/TRONCO_NORMAL.jpg using Guid(33f3b689dd0017f4a85a834f43bf42eb) Importer(815301076,1909f56bfc062723c751e8b465ee728b)  -> (artifact id: '33ed9dbd94444fed85bdf245d6c1342e') in 0.021746 seconds
Number of updated asset objects reloaded before import = 0
Number of asset objects unloaded after import = 2
========================================================================
Received Import Request.
  Time since last request: 2.573539 seconds.
  path: Assets/Materials/ARBOLES_CAIDOS/ARBOL_CAIDO.mat
  artifactKey: Guid(9cf63cc4bac45a54abb6798d77730fe3) Importer(815301076,1909f56bfc062723c751e8b465ee728b)
Start importing Assets/Materials/ARBOLES_CAIDOS/ARBOL_CAIDO.mat using Guid(9cf63cc4bac45a54abb6798d77730fe3) Importer(815301076,1909f56bfc062723c751e8b465ee728b)  -> (artifact id: '9f4c47bca5e971de7ae20195f2f98d3c') in 0.064362 seconds
Number of updated asset objects reloaded before import = 0
Number of asset objects unloaded after import = 4
========================================================================
Received Import Request.
  Time since last request: 1775.984353 seconds.
  path: Assets/Materials/ROCAS
  artifactKey: Guid(e055aab0683067843bf0c7bd3657f707) Importer(815301076,1909f56bfc062723c751e8b465ee728b)
Start importing Assets/Materials/ROCAS using Guid(e055aab0683067843bf0c7bd3657f707) Importer(815301076,1909f56bfc062723c751e8b465ee728b)  -> (artifact id: 'f6572e6224a8b14d0832cf52a23afce0') in 0.001595 seconds
Number of updated asset objects reloaded before import = 0
Number of asset objects unloaded after import = 0
========================================================================
Received Import Request.
  Time since last request: 0.060337 seconds.
  path: Assets/Materials/ROCAS/ROCAS_ALBEDO.jpeg
  artifactKey: Guid(c377137f2760d5f409a9c9cb4479be78) Importer(815301076,1909f56bfc062723c751e8b465ee728b)
Start importing Assets/Materials/ROCAS/ROCAS_ALBEDO.jpeg using Guid(c377137f2760d5f409a9c9cb4479be78) Importer(815301076,1909f56bfc062723c751e8b465ee728b)  -> (artifact id: '60fcf4400d067d70e7f33cf44ce2637a') in 0.044887 seconds
Number of updated asset objects reloaded before import = 0
Number of asset objects unloaded after import = 2
========================================================================
Received Import Request.
  Time since last request: 10.721477 seconds.
  path: Assets/Materials/ROCAS/ROCAS.mat
  artifactKey: Guid(9ebb312779f6f0643886265c048dbdd0) Importer(815301076,1909f56bfc062723c751e8b465ee728b)
Start importing Assets/Materials/ROCAS/ROCAS.mat using Guid(9ebb312779f6f0643886265c048dbdd0) Importer(815301076,1909f56bfc062723c751e8b465ee728b)  -> (artifact id: 'db4ab168571348252d864889c4490b30') in 0.020143 seconds
Number of updated asset objects reloaded before import = 0
Number of asset objects unloaded after import = 1
========================================================================
Received Import Request.
  Time since last request: 7.623521 seconds.
  path: Assets/Materials/ROCAS/ROCAS_AGUA.mat
  artifactKey: Guid(9ebb312779f6f0643886265c048dbdd0) Importer(815301076,1909f56bfc062723c751e8b465ee728b)
Start importing Assets/Materials/ROCAS/ROCAS_AGUA.mat using Guid(9ebb312779f6f0643886265c048dbdd0) Importer(815301076,1909f56bfc062723c751e8b465ee728b)  -> (artifact id: '29b1d36a0182e88c977ddf9693bd39c4') in 0.020054 seconds
Number of updated asset objects reloaded before import = 0
Number of asset objects unloaded after import = 1
========================================================================
Received Import Request.
  Time since last request: 14.664395 seconds.
  path: Assets/Materials/RUINA_AGUA
  artifactKey: Guid(0febc7c625a6958409a0a09d1b0d40a2) Importer(815301076,1909f56bfc062723c751e8b465ee728b)
Start importing Assets/Materials/RUINA_AGUA using Guid(0febc7c625a6958409a0a09d1b0d40a2) Importer(815301076,1909f56bfc062723c751e8b465ee728b)  -> (artifact id: '6ccc56caf1a618ba5f55643c746c46bd') in 0.000485 seconds
Number of updated asset objects reloaded before import = 0
Number of asset objects unloaded after import = 0
========================================================================
Received Import Request.
  Time since last request: 0.097829 seconds.
  path: Assets/Materials/RUINA_AGUA/normal_map_soft_stone.png
  artifactKey: Guid(8091e68b6772d4d459d710b5bf002ebf) Importer(815301076,1909f56bfc062723c751e8b465ee728b)
Start importing Assets/Materials/RUINA_AGUA/normal_map_soft_stone.png using Guid(8091e68b6772d4d459d710b5bf002ebf) Importer(815301076,1909f56bfc062723c751e8b465ee728b)  -> (artifact id: '7c3c1ea515afe0022c6cf9f841c58a05') in 0.024302 seconds
Number of updated asset objects reloaded before import = 0
Number of asset objects unloaded after import = 2
========================================================================
Received Import Request.
  Time since last request: 6.205746 seconds.
  path: Assets/Materials/RUINA_AGUA/RUINA.mat
  artifactKey: Guid(e0716fca0bf3296449a1b7688867e507) Importer(815301076,1909f56bfc062723c751e8b465ee728b)
Start importing Assets/Materials/RUINA_AGUA/RUINA.mat using Guid(e0716fca0bf3296449a1b7688867e507) Importer(815301076,1909f56bfc062723c751e8b465ee728b)  -> (artifact id: '1ca8384bfeb6dd4afb8ba6daf51128ff') in 0.018175 seconds
Number of updated asset objects reloaded before import = 0
Number of asset objects unloaded after import = 1
========================================================================
Received Import Request.
  Time since last request: 9.396378 seconds.
  path: Assets/Materials/RUINA_AGUA_2
  artifactKey: Guid(e4fa2bd26ec492a49a3268d329c4eaa0) Importer(815301076,1909f56bfc062723c751e8b465ee728b)
Start importing Assets/Materials/RUINA_AGUA_2 using Guid(e4fa2bd26ec492a49a3268d329c4eaa0) Importer(815301076,1909f56bfc062723c751e8b465ee728b)  -> (artifact id: 'f0dc3108e25ea746c12f192218c1275f') in 0.000459 seconds
Number of updated asset objects reloaded before import = 0
Number of asset objects unloaded after import = 0
========================================================================
Received Import Request.
  Time since last request: 0.071693 seconds.
  path: Assets/Materials/RUINA_AGUA_2/RUINA_AGUA_2_ALBEDO.png
  artifactKey: Guid(c413f7a9f9a6d7543b728d464206749b) Importer(815301076,1909f56bfc062723c751e8b465ee728b)
Start importing Assets/Materials/RUINA_AGUA_2/RUINA_AGUA_2_ALBEDO.png using Guid(c413f7a9f9a6d7543b728d464206749b) Importer(815301076,1909f56bfc062723c751e8b465ee728b)  -> (artifact id: '46a9c5cbe70bd85801b8484006b9b136') in 0.035227 seconds
Number of updated asset objects reloaded before import = 0
Number of asset objects unloaded after import = 2
========================================================================
Received Import Request.
  Time since last request: 7.198129 seconds.
  path: Assets/Materials/RUINA_AGUA_2/RUINA_2.mat
  artifactKey: Guid(12cb943b41dc2574599644f8c04a5b59) Importer(815301076,1909f56bfc062723c751e8b465ee728b)
Start importing Assets/Materials/RUINA_AGUA_2/RUINA_2.mat using Guid(12cb943b41dc2574599644f8c04a5b59) Importer(815301076,1909f56bfc062723c751e8b465ee728b)  -> (artifact id: '171d4e4b74d3a1669a6562f2e75db9fe') in 0.018471 seconds
Number of updated asset objects reloaded before import = 0
Number of asset objects unloaded after import = 1
========================================================================
Received Import Request.
  Time since last request: 29.566210 seconds.
  path: Assets/Materials/TRONCO/TRONCO_HEIGHT.jpg
  artifactKey: Guid(25f56ea3441fb4b47be43d6320e8cb78) Importer(815301076,1909f56bfc062723c751e8b465ee728b)
Start importing Assets/Materials/TRONCO/TRONCO_HEIGHT.jpg using Guid(25f56ea3441fb4b47be43d6320e8cb78) Importer(815301076,1909f56bfc062723c751e8b465ee728b)  -> (artifact id: '17206f0ac67c58df41474d599eabff3d') in 0.027974 seconds
Number of updated asset objects reloaded before import = 0
Number of asset objects unloaded after import = 2
========================================================================
Received Import Request.
  Time since last request: 10.671412 seconds.
  path: Assets/Materials/TRONCO/TRONCO_AGUA.mat
  artifactKey: Guid(bc4c2850f77ea4e499ef115fd9235c43) Importer(815301076,1909f56bfc062723c751e8b465ee728b)
Start importing Assets/Materials/TRONCO/TRONCO_AGUA.mat using Guid(bc4c2850f77ea4e499ef115fd9235c43) Importer(815301076,1909f56bfc062723c751e8b465ee728b)  -> (artifact id: '6679ea5c8f5ce37b71f48d98798bee3c') in 0.020714 seconds
Number of updated asset objects reloaded before import = 0
Number of asset objects unloaded after import = 1
========================================================================
Received Import Request.
  Time since last request: 45.128425 seconds.
  path: Assets/Props/ELEMENTOS AGUA_ROCAS.fbx
  artifactKey: Guid(d2717e7df1fbcbb458b06d08867a4b26) Importer(815301076,1909f56bfc062723c751e8b465ee728b)
Start importing Assets/Props/ELEMENTOS AGUA_ROCAS.fbx using Guid(d2717e7df1fbcbb458b06d08867a4b26) Importer(815301076,1909f56bfc062723c751e8b465ee728b)  -> (artifact id: 'f45fd8f777d93750f1e0be9637d16753') in 0.056990 seconds
Number of updated asset objects reloaded before import = 0
Number of asset objects unloaded after import = 8
========================================================================
Received Import Request.
  Time since last request: 0.000022 seconds.
  path: Assets/Props/ELEMENTOS AGUA_RUINA1.fbx
  artifactKey: Guid(094b59b059ad50944876eacbe9fcf200) Importer(815301076,1909f56bfc062723c751e8b465ee728b)
Start importing Assets/Props/ELEMENTOS AGUA_RUINA1.fbx using Guid(094b59b059ad50944876eacbe9fcf200) Importer(815301076,1909f56bfc062723c751e8b465ee728b)  -> (artifact id: '8dd4ce19b86b46903078be3814a4d687') in 0.035741 seconds
Number of updated asset objects reloaded before import = 0
Number of asset objects unloaded after import = 8
========================================================================
Received Import Request.
  Time since last request: 125.193847 seconds.
  path: Assets/Props/ELEMENTOS AGUA_RUINA2.fbx
  artifactKey: Guid(358e5debccc90c547af4310645e5bff5) Importer(815301076,1909f56bfc062723c751e8b465ee728b)
Start importing Assets/Props/ELEMENTOS AGUA_RUINA2.fbx using Guid(358e5debccc90c547af4310645e5bff5) Importer(815301076,1909f56bfc062723c751e8b465ee728b)  -> (artifact id: '4e48848a6fec783f96b64877d3d0c9e5') in 0.040989 seconds
Number of updated asset objects reloaded before import = 0
Number of asset objects unloaded after import = 8
========================================================================
Received Import Request.
  Time since last request: 664.430354 seconds.
  path: Assets/Materials/RUINA_AGUA/RUINA_AGUA_ALBEDO.jpeg
  artifactKey: Guid(8afea6fd0ac2b104b80bd17ec371d4de) Importer(815301076,1909f56bfc062723c751e8b465ee728b)
Start importing Assets/Materials/RUINA_AGUA/RUINA_AGUA_ALBEDO.jpeg using Guid(8afea6fd0ac2b104b80bd17ec371d4de) Importer(815301076,1909f56bfc062723c751e8b465ee728b)  -> (artifact id: 'e4c0772f4feb36757c976c67afd21f1c') in 0.033049 seconds
Number of updated asset objects reloaded before import = 0
Number of asset objects unloaded after import = 2
========================================================================
Received Import Request.
  Time since last request: 0.000023 seconds.
  path: Assets/Materials/RUINA_AGUA/RUINA_AGUA_NORMAL.png
  artifactKey: Guid(a5b8a8765931da24eaf141eaebe9270c) Importer(815301076,1909f56bfc062723c751e8b465ee728b)
Start importing Assets/Materials/RUINA_AGUA/RUINA_AGUA_NORMAL.png using Guid(a5b8a8765931da24eaf141eaebe9270c) Importer(815301076,1909f56bfc062723c751e8b465ee728b)  -> (artifact id: '12bdffbf1dc1516e4389cb977d7548a4') in 0.029992 seconds
Number of updated asset objects reloaded before import = 0
Number of asset objects unloaded after import = 2
========================================================================
Received Import Request.
  Time since last request: 9.837974 seconds.
  path: Assets/Materials/RUINA_AGUA/RUINA_AGUA.mat
  artifactKey: Guid(f0198021084a43541938088efcc34a15) Importer(815301076,1909f56bfc062723c751e8b465ee728b)
Start importing Assets/Materials/RUINA_AGUA/RUINA_AGUA.mat using Guid(f0198021084a43541938088efcc34a15) Importer(815301076,1909f56bfc062723c751e8b465ee728b)  -> (artifact id: '029a857db0b7a3554b7794c323affacf') in 0.023770 seconds
Number of updated asset objects reloaded before import = 0
Number of asset objects unloaded after import = 1
========================================================================
Received Import Request.
  Time since last request: 752.558379 seconds.
  path: Assets/Props/ELEMENTOS AGUA_RUINA2.fbx
  artifactKey: Guid(358e5debccc90c547af4310645e5bff5) Importer(815301076,1909f56bfc062723c751e8b465ee728b)
Start importing Assets/Props/ELEMENTOS AGUA_RUINA2.fbx using Guid(358e5debccc90c547af4310645e5bff5) Importer(815301076,1909f56bfc062723c751e8b465ee728b)  -> (artifact id: '6845b7c7c7a7edfa429d3ca05cdabe47') in 0.035828 seconds
Number of updated asset objects reloaded before import = 0
Number of asset objects unloaded after import = 8
========================================================================
Received Import Request.
  Time since last request: 13.958128 seconds.
  path: Assets/Materials/RUINA_AGUA_1
  artifactKey: Guid(656fc62135f70434ba695374698a2467) Importer(815301076,1909f56bfc062723c751e8b465ee728b)
Start importing Assets/Materials/RUINA_AGUA_1 using Guid(656fc62135f70434ba695374698a2467) Importer(815301076,1909f56bfc062723c751e8b465ee728b)  -> (artifact id: '7afb8329be82d38e97267f1f15817c11') in 0.000556 seconds
Number of updated asset objects reloaded before import = 0
Number of asset objects unloaded after import = 0
========================================================================
Received Import Request.
  Time since last request: 1020.198856 seconds.
  path: Assets/Materials/RUINA_AGUA_2/RUINA_BAKED.png
  artifactKey: Guid(c97a20213bf49d24db0a76978f5a8547) Importer(815301076,1909f56bfc062723c751e8b465ee728b)
Start importing Assets/Materials/RUINA_AGUA_2/RUINA_BAKED.png using Guid(c97a20213bf49d24db0a76978f5a8547) Importer(815301076,1909f56bfc062723c751e8b465ee728b)  -> (artifact id: 'fab30db6c6c74dbd7d4e17cad77897e4') in 0.039047 seconds
Number of updated asset objects reloaded before import = 0
Number of asset objects unloaded after import = 2
========================================================================
Received Import Request.
  Time since last request: 57.083365 seconds.
  path: Assets/Props/ELEMENTOS AGUA_RUINA2.fbx
  artifactKey: Guid(358e5debccc90c547af4310645e5bff5) Importer(815301076,1909f56bfc062723c751e8b465ee728b)
Start importing Assets/Props/ELEMENTOS AGUA_RUINA2.fbx using Guid(358e5debccc90c547af4310645e5bff5) Importer(815301076,1909f56bfc062723c751e8b465ee728b)  -> (artifact id: 'c9e36c81ea79b86627344c42d43ae667') in 0.042331 seconds
Number of updated asset objects reloaded before import = 0
Number of asset objects unloaded after import = 8
========================================================================
Received Import Request.
  Time since last request: 357.120605 seconds.
  path: Assets/Materials/RUINA_AGUA_2/normal_map_soft_stone.png
  artifactKey: Guid(8091e68b6772d4d459d710b5bf002ebf) Importer(815301076,1909f56bfc062723c751e8b465ee728b)
Start importing Assets/Materials/RUINA_AGUA_2/normal_map_soft_stone.png using Guid(8091e68b6772d4d459d710b5bf002ebf) Importer(815301076,1909f56bfc062723c751e8b465ee728b)  -> (artifact id: 'a74df307416edfd8330429d1e101baf1') in 0.042594 seconds
Number of updated asset objects reloaded before import = 0
Number of asset objects unloaded after import = 2
